[ +144 ms] executing: uname -m
[  +38 ms] Exit code 0 from: uname -m
[   +1 ms] x86_64
[  +46 ms] Artifact Instance of 'MaterialFonts' is not required, skipping update.
[        ] Artifact Instance of 'GradleWrapper' is not required, skipping update.
[        ] Artifact Instance of 'AndroidGenSnapshotArtifacts' is not required, skipping update.
[        ] Artifact Instance of 'AndroidInternalBuildArtifacts' is not required, skipping update.
[        ] Artifact Instance of 'IOSEngineArtifacts' is not required, skipping update.
[        ] Artifact Instance of 'FlutterWebSdk' is not required, skipping update.
[   +3 ms] Artifact Instance of 'LegacyCanvasKitRemover' is not required, skipping update.
[        ] Artifact Instance of 'FlutterSdk' is not required, skipping update.
[        ] Artifact Instance of 'WindowsEngineArtifacts' is not required, skipping update.
[        ] Artifact Instance of 'MacOSEngineArtifacts' is not required, skipping update.
[        ] Artifact Instance of 'LinuxEngineArtifacts' is not required, skipping update.
[        ] Artifact Instance of 'LinuxFuchsiaSDKArtifacts' is not required, skipping update.
[        ] Artifact Instance of 'MacOSFuchsiaSDKArtifacts' is not required, skipping update.
[        ] Artifact Instance of 'FlutterRunnerSDKArtifacts' is not required, skipping update.
[        ] Artifact Instance of 'FlutterRunnerDebugSymbols' is not required, skipping update.
[        ] Artifact Instance of 'IosUsbArtifacts' is not required, skipping update.
[        ] Artifact Instance of 'IosUsbArtifacts' is not required, skipping update.
[        ] Artifact Instance of 'IosUsbArtifacts' is not required, skipping update.
[        ] Artifact Instance of 'IosUsbArtifacts' is not required, skipping update.
[        ] Artifact Instance of 'IosUsbArtifacts' is not required, skipping update.
[        ] Artifact Instance of 'IosUsbArtifacts' is not required, skipping update.
[        ] Artifact Instance of 'FontSubsetArtifacts' is not required, skipping update.
[        ] Artifact Instance of 'PubDependencies' is not required, skipping update.
[  +13 ms] executing: [/home/error51/snap/flutter/common/flutter/] git -c log.showSignature=false log HEAD -n 1 --pretty=format:%ad --date=iso
[  +37 ms] Exit code 0 from: git -c log.showSignature=false log HEAD -n 1 --pretty=format:%ad --date=iso
[   +1 ms] 2025-12-11 11:50:07 -0500
[  +74 ms] Artifact Instance of 'AndroidGenSnapshotArtifacts' is not required, skipping update.
[        ] Artifact Instance of 'AndroidInternalBuildArtifacts' is not required, skipping update.
[        ] Artifact Instance of 'IOSEngineArtifacts' is not required, skipping update.
[        ] Artifact Instance of 'FlutterWebSdk' is not required, skipping update.
[        ] Artifact Instance of 'FlutterEngineStamp' is not required, skipping update.
[        ] Artifact Instance of 'LegacyCanvasKitRemover' is not required, skipping update.
[  +12 ms] Artifact Instance of 'WindowsEngineArtifacts' is not required, skipping update.
[        ] Artifact Instance of 'MacOSEngineArtifacts' is not required, skipping update.
[        ] Artifact Instance of 'LinuxEngineArtifacts' is not required, skipping update.
[        ] Artifact Instance of 'LinuxFuchsiaSDKArtifacts' is not required, skipping update.
[        ] Artifact Instance of 'MacOSFuchsiaSDKArtifacts' is not required, skipping update.
[        ] Artifact Instance of 'FlutterRunnerSDKArtifacts' is not required, skipping update.
[        ] Artifact Instance of 'FlutterRunnerDebugSymbols' is not required, skipping update.
[ +204 ms] Artifact Instance of 'MaterialFonts' is not required, skipping update.
[        ] Artifact Instance of 'GradleWrapper' is not required, skipping update.
[   +4 ms] Artifact Instance of 'AndroidInternalBuildArtifacts' is not required, skipping update.
[        ] Artifact Instance of 'IOSEngineArtifacts' is not required, skipping update.
[        ] Artifact Instance of 'FlutterWebSdk' is not required, skipping update.
[        ] Artifact Instance of 'FlutterEngineStamp' is not required, skipping update.
[        ] Artifact Instance of 'LegacyCanvasKitRemover' is not required, skipping update.
[        ] Artifact Instance of 'FlutterSdk' is not required, skipping update.
[        ] Artifact Instance of 'WindowsEngineArtifacts' is not required, skipping update.
[        ] Artifact Instance of 'MacOSEngineArtifacts' is not required, skipping update.
[        ] Artifact Instance of 'LinuxEngineArtifacts' is not required, skipping update.
[        ] Artifact Instance of 'LinuxFuchsiaSDKArtifacts' is not required, skipping update.
[        ] Artifact Instance of 'MacOSFuchsiaSDKArtifacts' is not required, skipping update.
[        ] Artifact Instance of 'FlutterRunnerSDKArtifacts' is not required, skipping update.
[        ] Artifact Instance of 'FlutterRunnerDebugSymbols' is not required, skipping update.
[        ] Artifact Instance of 'IosUsbArtifacts' is not required, skipping update.
[        ] Artifact Instance of 'IosUsbArtifacts' is not required, skipping update.
[        ] Artifact Instance of 'IosUsbArtifacts' is not required, skipping update.
[        ] Artifact Instance of 'IosUsbArtifacts' is not required, skipping update.
[        ] Artifact Instance of 'IosUsbArtifacts' is not required, skipping update.
[        ] Artifact Instance of 'IosUsbArtifacts' is not required, skipping update.
[        ] Artifact Instance of 'FontSubsetArtifacts' is not required, skipping update.
[        ] Artifact Instance of 'PubDependencies' is not required, skipping update.
[ +415 ms] Skipping pub get: version match.
[ +698 ms] Found plugin tflite_flutter at /home/error51/.pub-cache/hosted/pub.dev/tflite_flutter-0.11.0/
[ +101 ms] Found plugin sqflite at /home/error51/.pub-cache/hosted/pub.dev/sqflite-2.4.2/
[  +71 ms] Found plugin sqflite_darwin at /home/error51/.pub-cache/hosted/pub.dev/sqflite_darwin-2.4.2/
[  +24 ms] Found plugin sqflite_android at /home/error51/.pub-cache/hosted/pub.dev/sqflite_android-2.4.2+2/
[  +22 ms] Found plugin shared_preferences at /home/error51/.pub-cache/hosted/pub.dev/shared_preferences-2.5.4/
[  +51 ms] Found plugin shared_preferences_windows at /home/error51/.pub-cache/hosted/pub.dev/shared_preferences_windows-2.4.1/
[  +28 ms] Found plugin path_provider_windows at /home/error51/.pub-cache/hosted/pub.dev/path_provider_windows-2.3.0/
[  +27 ms] Found plugin shared_preferences_web at /home/error51/.pub-cache/hosted/pub.dev/shared_preferences_web-2.4.3/
[  +18 ms] Found plugin shared_preferences_linux at /home/error51/.pub-cache/hosted/pub.dev/shared_preferences_linux-2.4.1/
[   +8 ms] Found plugin path_provider_linux at /home/error51/.pub-cache/hosted/pub.dev/path_provider_linux-2.2.1/
[  +13 ms] Found plugin shared_preferences_foundation at /home/error51/.pub-cache/hosted/pub.dev/shared_preferences_foundation-2.5.6/
[  +12 ms] Found plugin shared_preferences_android at /home/error51/.pub-cache/hosted/pub.dev/shared_preferences_android-2.4.20/
[  +24 ms] Found plugin share_plus at /home/error51/.pub-cache/hosted/pub.dev/share_plus-12.0.1/
[  +33 ms] Found plugin url_launcher_windows at /home/error51/.pub-cache/hosted/pub.dev/url_launcher_windows-3.1.5/
[  +23 ms] Found plugin url_launcher_web at /home/error51/.pub-cache/hosted/pub.dev/url_launcher_web-2.4.2/
[   +7 ms] Found plugin url_launcher_linux at /home/error51/.pub-cache/hosted/pub.dev/url_launcher_linux-3.2.2/
[  +48 ms] Found plugin path_provider at /home/error51/.pub-cache/hosted/pub.dev/path_provider-2.1.5/
[   +7 ms] Found plugin path_provider_foundation at /home/error51/.pub-cache/hosted/pub.dev/path_provider_foundation-2.6.0/
[  +54 ms] Found plugin path_provider_android at /home/error51/.pub-cache/hosted/pub.dev/path_provider_android-2.2.22/
[  +23 ms] Found plugin permission_handler at /home/error51/.pub-cache/hosted/pub.dev/permission_handler-11.4.0/
[   +7 ms] Found plugin permission_handler_windows at /home/error51/.pub-cache/hosted/pub.dev/permission_handler_windows-0.2.1/
[  +12 ms] Found plugin permission_handler_html at /home/error51/.pub-cache/hosted/pub.dev/permission_handler_html-0.1.3+5/
[   +5 ms] Found plugin permission_handler_apple at /home/error51/.pub-cache/hosted/pub.dev/permission_handler_apple-9.4.7/
[   +3 ms] Found plugin permission_handler_android at /home/error51/.pub-cache/hosted/pub.dev/permission_handler_android-12.1.0/
[   +4 ms] Found plugin image_picker at /home/error51/.pub-cache/hosted/pub.dev/image_picker-1.2.1/
[   +5 ms] Found plugin image_picker_windows at /home/error51/.pub-cache/hosted/pub.dev/image_picker_windows-0.2.2/
[  +14 ms] Found plugin file_selector_windows at /home/error51/.pub-cache/hosted/pub.dev/file_selector_windows-0.9.3+5/
[   +9 ms] Found plugin image_picker_macos at /home/error51/.pub-cache/hosted/pub.dev/image_picker_macos-0.2.2+1/
[   +5 ms] Found plugin file_selector_macos at /home/error51/.pub-cache/hosted/pub.dev/file_selector_macos-0.9.5/
[   +8 ms] Found plugin image_picker_linux at /home/error51/.pub-cache/hosted/pub.dev/image_picker_linux-0.2.2/
[  +11 ms] Found plugin file_selector_linux at /home/error51/.pub-cache/hosted/pub.dev/file_selector_linux-0.9.4/
[   +6 ms] Found plugin image_picker_ios at /home/error51/.pub-cache/hosted/pub.dev/image_picker_ios-0.8.13+6/
[   +5 ms] Found plugin image_picker_for_web at /home/error51/.pub-cache/hosted/pub.dev/image_picker_for_web-3.1.1/
[   +5 ms] Found plugin image_picker_android at /home/error51/.pub-cache/hosted/pub.dev/image_picker_android-0.8.13+13/
[   +5 ms] Found plugin flutter_plugin_android_lifecycle at /home/error51/.pub-cache/hosted/pub.dev/flutter_plugin_android_lifecycle-2.0.33/
[  +21 ms] Found plugin geolocator at /home/error51/.pub-cache/hosted/pub.dev/geolocator-10.1.1/
[   +5 ms] Found plugin geolocator_windows at /home/error51/.pub-cache/hosted/pub.dev/geolocator_windows-0.2.5/
[   +7 ms] Found plugin geolocator_web at /home/error51/.pub-cache/hosted/pub.dev/geolocator_web-2.2.1/
[   +4 ms] Found plugin geolocator_apple at /home/error51/.pub-cache/hosted/pub.dev/geolocator_apple-2.3.13/
[   +4 ms] Found plugin geolocator_android at /home/error51/.pub-cache/hosted/pub.dev/geolocator_android-4.6.2/
[   +3 ms] Found plugin flutter_local_notifications at /home/error51/.pub-cache/hosted/pub.dev/flutter_local_notifications-17.2.4/
[   +9 ms] Found plugin flutter_local_notifications_linux at /home/error51/.pub-cache/hosted/pub.dev/flutter_local_notifications_linux-4.0.1/
[  +23 ms] Found plugin camera at /home/error51/.pub-cache/hosted/pub.dev/camera-0.10.6/
[   +4 ms] Found plugin camera_web at /home/error51/.pub-cache/hosted/pub.dev/camera_web-0.3.5+3/
[   +9 ms] Found plugin camera_avfoundation at /home/error51/.pub-cache/hosted/pub.dev/camera_avfoundation-0.9.23+2/
[   +4 ms] Found plugin camera_android at /home/error51/.pub-cache/hosted/pub.dev/camera_android-0.10.10+14/
[ +161 ms] Found plugin tflite_flutter at /home/error51/.pub-cache/hosted/pub.dev/tflite_flutter-0.11.0/
[  +12 ms] Found plugin sqflite at /home/error51/.pub-cache/hosted/pub.dev/sqflite-2.4.2/
[  +15 ms] Found plugin sqflite_darwin at /home/error51/.pub-cache/hosted/pub.dev/sqflite_darwin-2.4.2/
[   +5 ms] Found plugin sqflite_android at /home/error51/.pub-cache/hosted/pub.dev/sqflite_android-2.4.2+2/
[   +3 ms] Found plugin shared_preferences at /home/error51/.pub-cache/hosted/pub.dev/shared_preferences-2.5.4/
[   +3 ms] Found plugin shared_preferences_windows at /home/error51/.pub-cache/hosted/pub.dev/shared_preferences_windows-2.4.1/
[   +5 ms] Found plugin path_provider_windows at /home/error51/.pub-cache/hosted/pub.dev/path_provider_windows-2.3.0/
[   +6 ms] Found plugin shared_preferences_web at /home/error51/.pub-cache/hosted/pub.dev/shared_preferences_web-2.4.3/
[  +12 ms] Found plugin shared_preferences_linux at /home/error51/.pub-cache/hosted/pub.dev/shared_preferences_linux-2.4.1/
[   +3 ms] Found plugin path_provider_linux at /home/error51/.pub-cache/hosted/pub.dev/path_provider_linux-2.2.1/
[   +4 ms] Found plugin shared_preferences_foundation at /home/error51/.pub-cache/hosted/pub.dev/shared_preferences_foundation-2.5.6/
[   +3 ms] Found plugin shared_preferences_android at /home/error51/.pub-cache/hosted/pub.dev/shared_preferences_android-2.4.20/
[   +3 ms] Found plugin share_plus at /home/error51/.pub-cache/hosted/pub.dev/share_plus-12.0.1/
[   +7 ms] Found plugin url_launcher_windows at /home/error51/.pub-cache/hosted/pub.dev/url_launcher_windows-3.1.5/
[   +4 ms] Found plugin url_launcher_web at /home/error51/.pub-cache/hosted/pub.dev/url_launcher_web-2.4.2/
[   +3 ms] Found plugin url_launcher_linux at /home/error51/.pub-cache/hosted/pub.dev/url_launcher_linux-3.2.2/
[  +11 ms] Found plugin path_provider at /home/error51/.pub-cache/hosted/pub.dev/path_provider-2.1.5/
[   +2 ms] Found plugin path_provider_foundation at /home/error51/.pub-cache/hosted/pub.dev/path_provider_foundation-2.6.0/
[  +16 ms] Found plugin path_provider_android at /home/error51/.pub-cache/hosted/pub.dev/path_provider_android-2.2.22/
[   +8 ms] Found plugin permission_handler at /home/error51/.pub-cache/hosted/pub.dev/permission_handler-11.4.0/
[   +2 ms] Found plugin permission_handler_windows at /home/error51/.pub-cache/hosted/pub.dev/permission_handler_windows-0.2.1/
[   +4 ms] Found plugin permission_handler_html at /home/error51/.pub-cache/hosted/pub.dev/permission_handler_html-0.1.3+5/
[   +3 ms] Found plugin permission_handler_apple at /home/error51/.pub-cache/hosted/pub.dev/permission_handler_apple-9.4.7/
[   +3 ms] Found plugin permission_handler_android at /home/error51/.pub-cache/hosted/pub.dev/permission_handler_android-12.1.0/
[   +4 ms] Found plugin image_picker at /home/error51/.pub-cache/hosted/pub.dev/image_picker-1.2.1/
[   +2 ms] Found plugin image_picker_windows at /home/error51/.pub-cache/hosted/pub.dev/image_picker_windows-0.2.2/
[   +6 ms] Found plugin file_selector_windows at /home/error51/.pub-cache/hosted/pub.dev/file_selector_windows-0.9.3+5/
[   +4 ms] Found plugin image_picker_macos at /home/error51/.pub-cache/hosted/pub.dev/image_picker_macos-0.2.2+1/
[   +3 ms] Found plugin file_selector_macos at /home/error51/.pub-cache/hosted/pub.dev/file_selector_macos-0.9.5/
[   +3 ms] Found plugin image_picker_linux at /home/error51/.pub-cache/hosted/pub.dev/image_picker_linux-0.2.2/
[   +2 ms] Found plugin file_selector_linux at /home/error51/.pub-cache/hosted/pub.dev/file_selector_linux-0.9.4/
[   +2 ms] Found plugin image_picker_ios at /home/error51/.pub-cache/hosted/pub.dev/image_picker_ios-0.8.13+6/
[   +2 ms] Found plugin image_picker_for_web at /home/error51/.pub-cache/hosted/pub.dev/image_picker_for_web-3.1.1/
[   +1 ms] Found plugin image_picker_android at /home/error51/.pub-cache/hosted/pub.dev/image_picker_android-0.8.13+13/
[   +2 ms] Found plugin flutter_plugin_android_lifecycle at /home/error51/.pub-cache/hosted/pub.dev/flutter_plugin_android_lifecycle-2.0.33/
[  +10 ms] Found plugin geolocator at /home/error51/.pub-cache/hosted/pub.dev/geolocator-10.1.1/
[   +2 ms] Found plugin geolocator_windows at /home/error51/.pub-cache/hosted/pub.dev/geolocator_windows-0.2.5/
[   +5 ms] Found plugin geolocator_web at /home/error51/.pub-cache/hosted/pub.dev/geolocator_web-2.2.1/
[   +3 ms] Found plugin geolocator_apple at /home/error51/.pub-cache/hosted/pub.dev/geolocator_apple-2.3.13/
[   +3 ms] Found plugin geolocator_android at /home/error51/.pub-cache/hosted/pub.dev/geolocator_android-4.6.2/
[   +2 ms] Found plugin flutter_local_notifications at /home/error51/.pub-cache/hosted/pub.dev/flutter_local_notifications-17.2.4/
[   +5 ms] Found plugin flutter_local_notifications_linux at /home/error51/.pub-cache/hosted/pub.dev/flutter_local_notifications_linux-4.0.1/
[  +12 ms] Found plugin camera at /home/error51/.pub-cache/hosted/pub.dev/camera-0.10.6/
[   +2 ms] Found plugin camera_web at /home/error51/.pub-cache/hosted/pub.dev/camera_web-0.3.5+3/
[   +9 ms] Found plugin camera_avfoundation at /home/error51/.pub-cache/hosted/pub.dev/camera_avfoundation-0.9.23+2/
[   +4 ms] Found plugin camera_android at /home/error51/.pub-cache/hosted/pub.dev/camera_android-0.10.10+14/
[  +49 ms] Skipping generating web_plugin_registrant.dart because it is up-to-date.
[ +125 ms] Found plugin tflite_flutter at /home/error51/.pub-cache/hosted/pub.dev/tflite_flutter-0.11.0/
[  +21 ms] Found plugin sqflite at /home/error51/.pub-cache/hosted/pub.dev/sqflite-2.4.2/
[  +24 ms] Found plugin sqflite_darwin at /home/error51/.pub-cache/hosted/pub.dev/sqflite_darwin-2.4.2/
[   +7 ms] Found plugin sqflite_android at /home/error51/.pub-cache/hosted/pub.dev/sqflite_android-2.4.2+2/
[   +8 ms] Found plugin shared_preferences at /home/error51/.pub-cache/hosted/pub.dev/shared_preferences-2.5.4/
[  +13 ms] Found plugin shared_preferences_windows at /home/error51/.pub-cache/hosted/pub.dev/shared_preferences_windows-2.4.1/
[  +12 ms] Found plugin path_provider_windows at /home/error51/.pub-cache/hosted/pub.dev/path_provider_windows-2.3.0/
[  +23 ms] Found plugin shared_preferences_web at /home/error51/.pub-cache/hosted/pub.dev/shared_preferences_web-2.4.3/
[  +13 ms] Found plugin shared_preferences_linux at /home/error51/.pub-cache/hosted/pub.dev/shared_preferences_linux-2.4.1/
[   +5 ms] Found plugin path_provider_linux at /home/error51/.pub-cache/hosted/pub.dev/path_provider_linux-2.2.1/
[  +13 ms] Found plugin shared_preferences_foundation at /home/error51/.pub-cache/hosted/pub.dev/shared_preferences_foundation-2.5.6/
[   +7 ms] Found plugin shared_preferences_android at /home/error51/.pub-cache/hosted/pub.dev/shared_preferences_android-2.4.20/
[   +7 ms] Found plugin share_plus at /home/error51/.pub-cache/hosted/pub.dev/share_plus-12.0.1/
[  +11 ms] Found plugin url_launcher_windows at /home/error51/.pub-cache/hosted/pub.dev/url_launcher_windows-3.1.5/
[   +8 ms] Found plugin url_launcher_web at /home/error51/.pub-cache/hosted/pub.dev/url_launcher_web-2.4.2/
[   +4 ms] Found plugin url_launcher_linux at /home/error51/.pub-cache/hosted/pub.dev/url_launcher_linux-3.2.2/
[  +19 ms] Found plugin path_provider at /home/error51/.pub-cache/hosted/pub.dev/path_provider-2.1.5/
[   +4 ms] Found plugin path_provider_foundation at /home/error51/.pub-cache/hosted/pub.dev/path_provider_foundation-2.6.0/
[  +25 ms] Found plugin path_provider_android at /home/error51/.pub-cache/hosted/pub.dev/path_provider_android-2.2.22/
[  +12 ms] Found plugin permission_handler at /home/error51/.pub-cache/hosted/pub.dev/permission_handler-11.4.0/
[   +3 ms] Found plugin permission_handler_windows at /home/error51/.pub-cache/hosted/pub.dev/permission_handler_windows-0.2.1/
[   +5 ms] Found plugin permission_handler_html at /home/error51/.pub-cache/hosted/pub.dev/permission_handler_html-0.1.3+5/
[   +2 ms] Found plugin permission_handler_apple at /home/error51/.pub-cache/hosted/pub.dev/permission_handler_apple-9.4.7/
[   +3 ms] Found plugin permission_handler_android at /home/error51/.pub-cache/hosted/pub.dev/permission_handler_android-12.1.0/
[   +3 ms] Found plugin image_picker at /home/error51/.pub-cache/hosted/pub.dev/image_picker-1.2.1/
[   +3 ms] Found plugin image_picker_windows at /home/error51/.pub-cache/hosted/pub.dev/image_picker_windows-0.2.2/
[   +8 ms] Found plugin file_selector_windows at /home/error51/.pub-cache/hosted/pub.dev/file_selector_windows-0.9.3+5/
[   +6 ms] Found plugin image_picker_macos at /home/error51/.pub-cache/hosted/pub.dev/image_picker_macos-0.2.2+1/
[   +3 ms] Found plugin file_selector_macos at /home/error51/.pub-cache/hosted/pub.dev/file_selector_macos-0.9.5/
[   +3 ms] Found plugin image_picker_linux at /home/error51/.pub-cache/hosted/pub.dev/image_picker_linux-0.2.2/
[   +3 ms] Found plugin file_selector_linux at /home/error51/.pub-cache/hosted/pub.dev/file_selector_linux-0.9.4/
[   +3 ms] Found plugin image_picker_ios at /home/error51/.pub-cache/hosted/pub.dev/image_picker_ios-0.8.13+6/
[   +2 ms] Found plugin image_picker_for_web at /home/error51/.pub-cache/hosted/pub.dev/image_picker_for_web-3.1.1/
[   +3 ms] Found plugin image_picker_android at /home/error51/.pub-cache/hosted/pub.dev/image_picker_android-0.8.13+13/
[   +3 ms] Found plugin flutter_plugin_android_lifecycle at /home/error51/.pub-cache/hosted/pub.dev/flutter_plugin_android_lifecycle-2.0.33/
[  +10 ms] Found plugin geolocator at /home/error51/.pub-cache/hosted/pub.dev/geolocator-10.1.1/
[   +2 ms] Found plugin geolocator_windows at /home/error51/.pub-cache/hosted/pub.dev/geolocator_windows-0.2.5/
[   +3 ms] Found plugin geolocator_web at /home/error51/.pub-cache/hosted/pub.dev/geolocator_web-2.2.1/
[   +2 ms] Found plugin geolocator_apple at /home/error51/.pub-cache/hosted/pub.dev/geolocator_apple-2.3.13/
[   +2 ms] Found plugin geolocator_android at /home/error51/.pub-cache/hosted/pub.dev/geolocator_android-4.6.2/
[   +2 ms] Found plugin flutter_local_notifications at /home/error51/.pub-cache/hosted/pub.dev/flutter_local_notifications-17.2.4/
[   +4 ms] Found plugin flutter_local_notifications_linux at /home/error51/.pub-cache/hosted/pub.dev/flutter_local_notifications_linux-4.0.1/
[  +13 ms] Found plugin camera at /home/error51/.pub-cache/hosted/pub.dev/camera-0.10.6/
[   +2 ms] Found plugin camera_web at /home/error51/.pub-cache/hosted/pub.dev/camera_web-0.3.5+3/
[   +4 ms] Found plugin camera_avfoundation at /home/error51/.pub-cache/hosted/pub.dev/camera_avfoundation-0.9.23+2/
[   +2 ms] Found plugin camera_android at /home/error51/.pub-cache/hosted/pub.dev/camera_android-0.10.10+14/
[  +20 ms] Generating /home/error51/projects/ai/agri_ai_uganda/android/app/src/main/java/io/flutter/plugins/GeneratedPluginRegistrant.java
[   +5 ms] Skipping generating GeneratedPluginRegistrant.java because it is up-to-date.
[  +18 ms] Skipping generating generated_plugin_registrant.h because it is up-to-date.
[   +4 ms] Skipping generating generated_plugin_registrant.cc because it is up-to-date.
[   +4 ms] Skipping generating generated_plugins.cmake because it is up-to-date.
[   +8 ms] Skipping generating generated_plugin_registrant.h because it is up-to-date.
[   +4 ms] Skipping generating generated_plugin_registrant.cc because it is up-to-date.
[   +4 ms] Skipping generating generated_plugins.cmake because it is up-to-date.
[   +9 ms] Skipping generating GeneratedPluginRegistrant.h because it is up-to-date.
[   +3 ms] Skipping generating GeneratedPluginRegistrant.m because it is up-to-date.
[   +4 ms] Skipping generating GeneratedPluginRegistrant.swift because it is up-to-date.
[ +295 ms] executing: /snap/android-studio/209/jbr/bin/java -version
[ +564 ms] Exit code 0 from: /snap/android-studio/209/jbr/bin/java -version
[   +1 ms] openjdk version "21.0.7" 2025-04-15
           OpenJDK Runtime Environment (build 21.0.7+-13880790-b1038.58)
           OpenJDK 64-Bit Server VM (build 21.0.7+-13880790-b1038.58, mixed mode)
[  +87 ms] Top-level Gradle build file not found, skipping migration of task "clean".
[  +21 ms] executing: /snap/android-studio/209/jbr/bin/java --version
[ +227 ms] Exit code 0 from: /snap/android-studio/209/jbr/bin/java --version
[   +1 ms] openjdk 21.0.7 2025-04-15
           OpenJDK Runtime Environment (build 21.0.7+-13880790-b1038.58)
           OpenJDK 64-Bit Server VM (build 21.0.7+-13880790-b1038.58, mixed mode)
[  +13 ms] Version of Java is different than impacted version, no migration attempted.
[ +105 ms] CMake project not found, skipping support Android 15 16k page size migration.
[  +45 ms] Using gradle from /home/error51/projects/ai/agri_ai_uganda/android/gradlew.
[ +152 ms] LocalFile: '/home/error51/projects/ai/agri_ai_uganda/android/build.gradle.kts' doesn't provide an AGP version. Checking settings.
[   +9 ms] LocalFile: '/home/error51/projects/ai/agri_ai_uganda/android/settings.gradle.kts' provides AGP version: 8.11.1
[ +121 ms] Running Gradle task 'assembleDebug'...
[  +35 ms] executing: [/home/error51/projects/ai/agri_ai_uganda/android/] /home/error51/projects/ai/agri_ai_uganda/android/gradlew --full-stacktrace --info -Pverbose=true -Ptarget-platform=android-arm,android-arm64,android-x64 -Ptarget=lib/main.dart -Pbase-application-name=android.app.Application -Pdart-defines=RkxVVFRFUl9WRVJTSU9OPTMuMzguNQ==,RkxVVFRFUl9DSEFOTkVMPXN0YWJsZQ==,RkxVVFRFUl9HSVRfVVJMPWh0dHBzOi8vZ2l0aHViLmNvbS9mbHV0dGVyL2ZsdXR0ZXIuZ2l0,RkxVVFRFUl9GUkFNRVdPUktfUkVWSVNJT049ZjZmZjE1MjlmZA==,RkxVVFRFUl9FTkdJTkVfUkVWSVNJT049MTUyN2FlMGVjNQ==,RkxVVFRFUl9EQVJUX1ZFUlNJT049My4xMC40 -Pdart-obfuscation=false -Ptrack-widget-creation=true -Ptree-shake-icons=false assembleDebug
[+3058 ms] Initialized native services in: /home/error51/.gradle/native
[   +1 ms] Initialized jansi services in: /home/error51/.gradle/native
[+1525 ms] The client will now receive all logging from the daemon (pid: 244368). The daemon log file: /home/error51/.gradle/daemon/8.14/daemon-244368.out.log
[        ] Starting 6th build in daemon [uptime: 19 mins 39.645 secs, performance: 100%, GC rate: 0.00/s, heap usage: 0% of 8 GiB, non-heap usage: 3% of 4 GiB]
[        ] Using 8 worker leases.
[   +1 ms] Now considering [/home/error51/projects/ai/agri_ai_uganda/android, /home/error51/snap/flutter/common/flutter/packages/flutter_tools/gradle] as hierarchies to watch
[        ] Watching the file system is configured to be enabled if available
[  +95 ms] File system watching is active
[   +1 ms] Starting Build
[        ] Now considering [/home/error51/snap/flutter/common/flutter/packages/flutter_tools/gradle, /home/error51/projects/ai/agri_ai_uganda/android] as hierarchies to watch
[ +402 ms] > Configure project :gradle
[   +1 ms] Evaluating project ':gradle' using build file '/home/error51/snap/flutter/common/flutter/packages/flutter_tools/gradle/build.gradle.kts'.
[   +1 ms] Resolved plugin [id: 'org.gradle.java-gradle-plugin']
[   +1 ms] Resolved plugin [id: 'org.gradle.groovy']
[   +1 ms] Resolved plugin [id: 'org.gradle.kotlin.kotlin-dsl', version: '5.2.0']
[        ] Resolved plugin [id: 'org.jetbrains.kotlin.jvm', version: '1.9.20']
[   +1 ms] Using Kotlin Gradle Plugin gradle85 variant
[        ] kotlin scripting plugin: created the scripting discovery configuration: kotlinScriptDef
[        ] kotlin scripting plugin: created the scripting discovery configuration: testKotlinScriptDef
[        ] file or directory '/home/error51/snap/flutter/common/flutter/packages/flutter_tools/gradle/src/main/java', not found
[        ] Resolved plugin [id: 'dev.flutter.flutter-plugin-loader', version: '1.0.0']
[        ] Resolved plugin [id: 'com.android.application', version: '8.11.1', apply: false]
[        ] Resolved plugin [id: 'org.jetbrains.kotlin.android', version: '2.2.20', apply: false]
[  +82 ms] Resolve mutations for :gradle:checkKotlinGradlePluginConfigurationErrors (Thread[#655,Execution worker,5,main]) started.
[        ] :gradle:checkKotlinGradlePluginConfigurationErrors (Thread[#655,Execution worker,5,main]) started.
[        ] > Task :gradle:checkKotlinGradlePluginConfigurationErrors SKIPPED
[        ] Skipping task ':gradle:checkKotlinGradlePluginConfigurationErrors' as task onlyIf 'errorDiagnostics are present' is false.
[        ] Resolve mutations for :gradle:compileKotlin (Thread[#655,Execution worker,5,main]) started.
[        ] :gradle:compileKotlin (Thread[#655,Execution worker,5,main]) started.
[  +97 ms] > Task :gradle:compileKotlin UP-TO-DATE
[        ] Caching disabled for task ':gradle:compileKotlin' because:
[        ]   Build cache is disabled
[        ] Skipping task ':gradle:compileKotlin' as it is up-to-date.
[        ] Resolve mutations for :gradle:compileJava (Thread[#655,Execution worker,5,main]) started.
[        ] :gradle:compileJava (Thread[#655,Execution worker,5,main]) started.
[        ] > Task :gradle:compileJava NO-SOURCE
[        ] Skipping task ':gradle:compileJava' as it has no source files and no previous output files.
[        ] Resolve mutations for :gradle:compileGroovy (Thread[#655,Execution worker,5,main]) started.
[  +95 ms] :gradle:compileGroovy (Thread[#655,Execution worker,5,main]) started.
[   +1 ms] > Task :gradle:compileGroovy NO-SOURCE
[        ] Skipping task ':gradle:compileGroovy' as it has no source files and no previous output files.
[        ] Resolve mutations for :gradle:pluginDescriptors (Thread[#655,Execution worker,5,main]) started.
[        ] :gradle:pluginDescriptors (Thread[#655,Execution worker,5,main]) started.
[        ] > Task :gradle:pluginDescriptors UP-TO-DATE
[        ] Caching disabled for task ':gradle:pluginDescriptors' because:
[        ]   Build cache is disabled
[        ]   Not worth caching
[        ] Skipping task ':gradle:pluginDescriptors' as it is up-to-date.
[        ] Resolve mutations for :gradle:processResources (Thread[#655,Execution worker,5,main]) started.
[        ] :gradle:processResources (Thread[#655,Execution worker,5,main]) started.
[        ] > Task :gradle:processResources UP-TO-DATE
[        ] Caching disabled for task ':gradle:processResources' because:
[        ]   Build cache is disabled
[        ]   Not worth caching
[        ] Skipping task ':gradle:processResources' as it is up-to-date.
[        ] Resolve mutations for :gradle:classes (Thread[#655,Execution worker,5,main]) started.
[        ] :gradle:classes (Thread[#655,Execution worker,5,main]) started.
[        ] > Task :gradle:classes UP-TO-DATE
[        ] Skipping task ':gradle:classes' as it has no actions.
[        ] Resolve mutations for :gradle:jar (Thread[#655,Execution worker,5,main]) started.
[        ] :gradle:jar (Thread[#655,Execution worker,5,main]) started.
[        ] > Task :gradle:jar UP-TO-DATE
[        ] Caching disabled for task ':gradle:jar' because:
[        ]   Build cache is disabled
[        ]   Not worth caching
[        ] Skipping task ':gradle:jar' as it is up-to-date.
[ +287 ms] Settings evaluated using settings file '/home/error51/projects/ai/agri_ai_uganda/android/settings.gradle.kts'.
[ +100 ms] Projects loaded. Root project using build file '/home/error51/projects/ai/agri_ai_uganda/android/build.gradle.kts'.
[        ] Included projects: [root project 'android', project ':app', project ':camera_android', project ':flutter_local_notifications', project ':flutter_plugin_android_lifecycle', project ':geolocator_android', project ':image_picker_android', project ':path_provider_android', project ':permission_handler_android', project ':share_plus', project ':shared_preferences_android', project ':sqflite_android', project ':tflite_flutter']
[ +499 ms] > Configure project :app
[        ] Evaluating project ':app' using build file '/home/error51/projects/ai/agri_ai_uganda/android/app/build.gradle.kts'.
[        ] Resolved plugin [id: 'com.android.application']
[        ] Resolved plugin [id: 'kotlin-android']
[        ] Resolved plugin [id: 'dev.flutter.flutter-gradle-plugin']
[        ] Using default execution profile
[        ] Build 08f85fb0-ffc4-4d38-a232-6bb5693684b1 is started
[        ] Using Kotlin Gradle Plugin gradle813 variant
[        ] C/C++: android.ndkVersion from module build.gradle is [28.2.13676358]
[   +1 ms] C/C++: android.ndkPath from module build.gradle is not set
[   +1 ms] C/C++: ndk.dir in local.properties is not set
[   +1 ms] C/C++: Not considering ANDROID_NDK_HOME because support was removed after deprecation period.
[        ] C/C++: sdkFolder is /home/error51/Android/Sdk
[   +1 ms] C/C++: android.ndkVersion from module build.gradle is [28.2.13676358]
[        ] C/C++: android.ndkPath from module build.gradle is not set
[   +1 ms] C/C++: ndk.dir in local.properties is not set
[   +1 ms] C/C++: Not considering ANDROID_NDK_HOME because support was removed after deprecation period.
[   +3 ms] C/C++: sdkFolder is /home/error51/Android/Sdk
[   +1 ms] C/C++: android.ndkVersion from module build.gradle is [28.2.13676358]
[        ] C/C++: android.ndkPath from module build.gradle is not set
[        ] C/C++: ndk.dir in local.properties is not set
[        ] C/C++: Not considering ANDROID_NDK_HOME because support was removed after deprecation period.
[        ] C/C++: sdkFolder is /home/error51/Android/Sdk
[        ] C/C++: android.ndkVersion from module build.gradle is [28.2.13676358]
[        ] C/C++: android.ndkPath from module build.gradle is not set
[        ] C/C++: ndk.dir in local.properties is not set
[        ] C/C++: Not considering ANDROID_NDK_HOME because support was removed after deprecation period.
[        ] C/C++: sdkFolder is /home/error51/Android/Sdk
[        ] C/C++: android.ndkVersion from module build.gradle is [28.2.13676358]
[        ] C/C++: android.ndkPath from module build.gradle is not set
[        ] C/C++: ndk.dir in local.properties is not set
[        ] C/C++: Not considering ANDROID_NDK_HOME because support was removed after deprecation period.
[        ] C/C++: sdkFolder is /home/error51/Android/Sdk
[        ] C/C++: android.ndkVersion from module build.gradle is [28.2.13676358]
[        ] C/C++: android.ndkPath from module build.gradle is not set
[        ] C/C++: ndk.dir in local.properties is not set
[        ] C/C++: Not considering ANDROID_NDK_HOME because support was removed after deprecation period.
[        ] C/C++: sdkFolder is /home/error51/Android/Sdk
[        ] C/C++: android.ndkVersion from module build.gradle is [28.2.13676358]
[        ] C/C++: android.ndkPath from module build.gradle is not set
[        ] C/C++: ndk.dir in local.properties is not set
[        ] C/C++: Not considering ANDROID_NDK_HOME because support was removed after deprecation period.
[        ] C/C++: sdkFolder is /home/error51/Android/Sdk
[        ] C/C++: android.ndkVersion from module build.gradle is [28.2.13676358]
[        ] C/C++: android.ndkPath from module build.gradle is not set
[        ] C/C++: ndk.dir in local.properties is not set
[        ] C/C++: Not considering ANDROID_NDK_HOME because support was removed after deprecation period.
[        ] C/C++: sdkFolder is /home/error51/Android/Sdk
[   +1 ms] C/C++: android.ndkVersion from module build.gradle is [28.2.13676358]
[        ] C/C++: android.ndkPath from module build.gradle is not set
[        ] C/C++: ndk.dir in local.properties is not set
[        ] C/C++: Not considering ANDROID_NDK_HOME because support was removed after deprecation period.
[        ] C/C++: sdkFolder is /home/error51/Android/Sdk
[        ] C/C++: android.ndkVersion from module build.gradle is [28.2.13676358]
[        ] C/C++: android.ndkPath from module build.gradle is not set
[        ] C/C++: ndk.dir in local.properties is not set
[   +2 ms] C/C++: Not considering ANDROID_NDK_HOME because support was removed after deprecation period.
[        ] C/C++: sdkFolder is /home/error51/Android/Sdk
[        ] C/C++: android.ndkVersion from module build.gradle is [28.2.13676358]
[        ] C/C++: android.ndkPath from module build.gradle is not set
[        ] C/C++: ndk.dir in local.properties is not set
[        ] C/C++: Not considering ANDROID_NDK_HOME because support was removed after deprecation period.
[        ] C/C++: sdkFolder is /home/error51/Android/Sdk
[        ] C/C++: android.ndkVersion from module build.gradle is [28.2.13676358]
[        ] C/C++: android.ndkPath from module build.gradle is not set
[        ] C/C++: ndk.dir in local.properties is not set
[        ] C/C++: Not considering ANDROID_NDK_HOME because support was removed after deprecation period.
[        ] C/C++: sdkFolder is /home/error51/Android/Sdk
[        ] C/C++: android.ndkVersion from module build.gradle is [28.2.13676358]
[        ] C/C++: android.ndkPath from module build.gradle is not set
[        ] C/C++: ndk.dir in local.properties is not set
[        ] C/C++: Not considering ANDROID_NDK_HOME because support was removed after deprecation period.
[   +1 ms] C/C++: sdkFolder is /home/error51/Android/Sdk
[        ] C/C++: android.ndkVersion from module build.gradle is [28.2.13676358]
[        ] C/C++: android.ndkPath from module build.gradle is not set
[        ] C/C++: ndk.dir in local.properties is not set
[        ] C/C++: Not considering ANDROID_NDK_HOME because support was removed after deprecation period.
[        ] C/C++: sdkFolder is /home/error51/Android/Sdk
[        ] C/C++: android.ndkVersion from module build.gradle is [28.2.13676358]
[        ] C/C++: android.ndkPath from module build.gradle is not set
[        ] C/C++: ndk.dir in local.properties is not set
[        ] C/C++: Not considering ANDROID_NDK_HOME because support was removed after deprecation period.
[        ] C/C++: sdkFolder is /home/error51/Android/Sdk
[        ] C/C++: android.ndkVersion from module build.gradle is [28.2.13676358]
[        ] C/C++: android.ndkPath from module build.gradle is not set
[        ] C/C++: ndk.dir in local.properties is not set
[        ] C/C++: Not considering ANDROID_NDK_HOME because support was removed after deprecation period.
[        ] C/C++: sdkFolder is /home/error51/Android/Sdk
[        ] C/C++: android.ndkVersion from module build.gradle is [28.2.13676358]
[        ] C/C++: android.ndkPath from module build.gradle is not set
[   +1 ms] C/C++: ndk.dir in local.properties is not set
[        ] C/C++: Not considering ANDROID_NDK_HOME because support was removed after deprecation period.
[        ] C/C++: sdkFolder is /home/error51/Android/Sdk
[        ] C/C++: android.ndkVersion from module build.gradle is [28.2.13676358]
[        ] C/C++: android.ndkPath from module build.gradle is not set
[        ] C/C++: ndk.dir in local.properties is not set
[        ] C/C++: Not considering ANDROID_NDK_HOME because support was removed after deprecation period.
[        ] C/C++: sdkFolder is /home/error51/Android/Sdk
[        ] C/C++: android.ndkVersion from module build.gradle is [28.2.13676358]
[        ] C/C++: android.ndkPath from module build.gradle is not set
[        ] C/C++: ndk.dir in local.properties is not set
[        ] C/C++: Not considering ANDROID_NDK_HOME because support was removed after deprecation period.
[        ] C/C++: sdkFolder is /home/error51/Android/Sdk
[        ] > Configure project :
[        ] Evaluating root project 'android' using build file '/home/error51/projects/ai/agri_ai_uganda/android/build.gradle.kts'.
[ +237 ms] > Configure project :camera_android
[        ] Evaluating project ':camera_android' using build file '/home/error51/.pub-cache/hosted/pub.dev/camera_android-0.10.10+14/android/build.gradle'.
[        ] Using default execution profile
[ +299 ms] > Configure project :flutter_local_notifications
[        ] Evaluating project ':flutter_local_notifications' using build file '/home/error51/.pub-cache/hosted/pub.dev/flutter_local_notifications-17.2.4/android/build.gradle'.
[        ] Using default execution profile
[ +100 ms] > Configure project :flutter_plugin_android_lifecycle
[        ] Evaluating project ':flutter_plugin_android_lifecycle' using build file '/home/error51/.pub-cache/hosted/pub.dev/flutter_plugin_android_lifecycle-2.0.33/android/build.gradle'.
[        ] Using default execution profile
[ +296 ms] > Configure project :geolocator_android
[   +1 ms] Evaluating project ':geolocator_android' using build file '/home/error51/.pub-cache/hosted/pub.dev/geolocator_android-4.6.2/android/build.gradle'.
[        ] Using default execution profile
[  +98 ms] > Configure project :image_picker_android
[        ] Evaluating project ':image_picker_android' using build file '/home/error51/.pub-cache/hosted/pub.dev/image_picker_android-0.8.13+13/android/build.gradle'.
[        ] Using default execution profile
[  +98 ms] > Configure project :path_provider_android
[        ] Evaluating project ':path_provider_android' using build file '/home/error51/.pub-cache/hosted/pub.dev/path_provider_android-2.2.22/android/build.gradle'.
[        ] Using default execution profile
[ +299 ms] > Configure project :permission_handler_android
[   +1 ms] Evaluating project ':permission_handler_android' using build file '/home/error51/.pub-cache/hosted/pub.dev/permission_handler_android-12.1.0/android/build.gradle'.
[   +1 ms] Using default execution profile
[ +395 ms] > Configure project :share_plus
[        ] Evaluating project ':share_plus' using build file '/home/error51/.pub-cache/hosted/pub.dev/share_plus-12.0.1/android/build.gradle'.
[        ] Using default execution profile
[        ] Using Kotlin Gradle Plugin gradle813 variant
[ +198 ms] > Configure project :shared_preferences_android
[        ] Evaluating project ':shared_preferences_android' using build file '/home/error51/.pub-cache/hosted/pub.dev/shared_preferences_android-2.4.20/android/build.gradle'.
[        ] Using default execution profile
[        ] Using Kotlin Gradle Plugin gradle813 variant
[ +199 ms] > Configure project :sqflite_android
[   +2 ms] Evaluating project ':sqflite_android' using build file '/home/error51/.pub-cache/hosted/pub.dev/sqflite_android-2.4.2+2/android/build.gradle'.
[        ] Using default execution profile
[ +196 ms] > Configure project :tflite_flutter
[   +1 ms] Evaluating project ':tflite_flutter' using build file '/home/error51/.pub-cache/hosted/pub.dev/tflite_flutter-0.11.0/android/build.gradle'.
[        ] Using default execution profile
[        ] All projects evaluated.
[  +97 ms] Task name matched 'assembleDebug'
[        ] Selected primary task 'assembleDebug' from project :
[        ] Adding -Xuse-inline-scopes-numbers Kotlin compiler flag for task :app:compileDebugKotlin
[+1012 ms] Tasks to be executed: [task ':app:DebugMinSdkCheck', task ':app:preBuild', task ':app:preDebugBuild', task ':app:mergeDebugNativeDebugMetadata', task ':app:checkKotlinGradlePluginConfigurationErrors', task ':app:compileFlutterBuildDebug', task ':app:packJniLibsflutterBuildDebug', task ':camera_android:preBuild', task ':camera_android:preDebugBuild', task ':camera_android:writeDebugAarMetadata', task ':flutter_local_notifications:preBuild', task ':flutter_local_notifications:preDebugBuild', task ':flutter_local_notifications:writeDebugAarMetadata', task ':flutter_plugin_android_lifecycle:preBuild', task ':flutter_plugin_android_lifecycle:preDebugBuild', task ':flutter_plugin_android_lifecycle:writeDebugAarMetadata', task ':geolocator_android:preBuild', task ':geolocator_android:preDebugBuild', task ':geolocator_android:writeDebugAarMetadata', task ':image_picker_android:preBuild', task ':image_picker_android:preDebugBuild', task ':image_picker_android:writeDebugAarMetadata', task ':path_provider_android:preBuild', task ':path_provider_android:preDebugBuild', task ':path_provider_android:writeDebugAarMetadata', task ':permission_handler_android:preBuild', task ':permission_handler_android:preDebugBuild', task ':permission_handler_android:writeDebugAarMetadata', task ':share_plus:preBuild', task ':share_plus:preDebugBuild', task ':share_plus:writeDebugAarMetadata', task ':shared_preferences_android:preBuild', task ':shared_preferences_android:preDebugBuild', task ':shared_preferences_android:writeDebugAarMetadata', task ':sqflite_android:preBuild', task ':sqflite_android:preDebugBuild', task ':sqflite_android:writeDebugAarMetadata', task ':tflite_flutter:preBuild', task ':tflite_flutter:preDebugBuild', task ':tflite_flutter:writeDebugAarMetadata', task ':app:checkDebugAarMetadata', task ':app:cleanMergeDebugAssets', task ':app:mergeDebugShaders', task ':app:compileDebugShaders', task ':app:generateDebugAssets', task ':camera_android:mergeDebugShaders', task ':camera_android:compileDebugShaders', task ':camera_android:generateDebugAssets', task ':camera_android:mergeDebugAssets', task ':flutter_local_notifications:mergeDebugShaders', task ':flutter_local_notifications:compileDebugShaders', task ':flutter_local_notifications:generateDebugAssets', task ':flutter_local_notifications:mergeDebugAssets', task ':flutter_plugin_android_lifecycle:mergeDebugShaders', task ':flutter_plugin_android_lifecycle:compileDebugShaders', task ':flutter_plugin_android_lifecycle:generateDebugAssets', task ':flutter_plugin_android_lifecycle:mergeDebugAssets', task ':geolocator_android:mergeDebugShaders', task ':geolocator_android:compileDebugShaders', task ':geolocator_android:generateDebugAssets', task ':geolocator_android:mergeDebugAssets', task ':image_picker_android:mergeDebugShaders', task ':image_picker_android:compileDebugShaders', task ':image_picker_android:generateDebugAssets', task ':image_picker_android:mergeDebugAssets', task ':path_provider_android:mergeDebugShaders', task ':path_provider_android:compileDebugShaders', task ':path_provider_android:generateDebugAssets', task ':path_provider_android:mergeDebugAssets', task ':permission_handler_android:mergeDebugShaders', task ':permission_handler_android:compileDebugShaders', task ':permission_handler_android:generateDebugAssets', task ':permission_handler_android:mergeDebugAssets', task ':share_plus:mergeDebugShaders', task ':share_plus:compileDebugShaders', task ':share_plus:generateDebugAssets', task ':share_plus:mergeDebugAssets', task ':shared_preferences_android:mergeDebugShaders', task ':shared_preferences_android:compileDebugShaders', task ':shared_preferences_android:generateDebugAssets', task ':shared_preferences_android:mergeDebugAssets', task ':sqflite_android:mergeDebugShaders', task ':sqflite_android:compileDebugShaders', task ':sqflite_android:generateDebugAssets', task ':sqflite_android:mergeDebugAssets', task ':tflite_flutter:mergeDebugShaders', task ':tflite_flutter:compileDebugShaders', task ':tflite_flutter:generateDebugAssets', task ':tflite_flutter:mergeDebugAssets', task ':app:mergeDebugAssets', task ':app:copyFlutterAssetsDebug', task ':app:generateDebugResValues', task ':camera_android:generateDebugResValues', task ':camera_android:generateDebugResources', task ':camera_android:packageDebugResources', task ':flutter_local_notifications:generateDebugResValues', task ':flutter_local_notifications:generateDebugResources', task ':flutter_local_notifications:packageDebugResources', task ':flutter_plugin_android_lifecycle:generateDebugResValues', task ':flutter_plugin_android_lifecycle:generateDebugResources', task ':flutter_plugin_android_lifecycle:packageDebugResources', task ':geolocator_android:generateDebugResValues', task ':geolocator_android:generateDebugResources', task ':geolocator_android:packageDebugResources', task ':image_picker_android:generateDebugResValues', task ':image_picker_android:generateDebugResources', task ':image_picker_android:packageDebugResources', task ':path_provider_android:generateDebugResValues', task ':path_provider_android:generateDebugResources', task ':path_provider_android:packageDebugResources', task ':permission_handler_android:generateDebugResValues', task ':permission_handler_android:generateDebugResources', task ':permission_handler_android:packageDebugResources', task ':share_plus:generateDebugResValues', task ':share_plus:generateDebugResources', task ':share_plus:packageDebugResources', task ':shared_preferences_android:generateDebugResValues', task ':shared_preferences_android:generateDebugResources', task ':shared_preferences_android:packageDebugResources', task ':sqflite_android:generateDebugResValues', task ':sqflite_android:generateDebugResources', task ':sqflite_android:packageDebugResources', task ':tflite_flutter:generateDebugResValues', task ':tflite_flutter:generateDebugResources', task ':tflite_flutter:packageDebugResources', task ':app:mapDebugSourceSetPaths', task ':app:generateDebugResources', task ':app:mergeDebugResources', task ':app:packageDebugResources', task ':app:parseDebugLocalResources', task ':app:createDebugCompatibleScreenManifests', task ':app:extractDeepLinksDebug', task ':camera_android:extractDeepLinksDebug', task ':camera_android:processDebugManifest', task ':flutter_local_notifications:extractDeepLinksDebug', task ':flutter_local_notifications:processDebugManifest', task ':flutter_plugin_android_lifecycle:extractDeepLinksDebug', task ':flutter_plugin_android_lifecycle:processDebugManifest', task ':geolocator_android:extractDeepLinksDebug', task ':geolocator_android:processDebugManifest', task ':image_picker_android:extractDeepLinksDebug', task ':image_picker_android:processDebugManifest', task ':path_provider_android:extractDeepLinksDebug', task ':path_provider_android:processDebugManifest', task ':permission_handler_android:extractDeepLinksDebug', task ':permission_handler_android:processDebugManifest', task ':share_plus:extractDeepLinksDebug', task ':share_plus:processDebugManifest', task ':shared_preferences_android:extractDeepLinksDebug', task ':shared_preferences_android:processDebugManifest', task ':sqflite_android:extractDeepLinksDebug', task ':sqflite_android:processDebugManifest', task ':tflite_flutter:extractDeepLinksDebug', task ':tflite_flutter:processDebugManifest', task ':app:processDebugMainManifest', task ':app:outputDebugAppLinkSettings', task ':app:processDebugManifest', task ':app:processDebugManifestForPackage', task ':camera_android:compileDebugLibraryResources', task ':camera_android:parseDebugLocalResources', task ':camera_android:generateDebugRFile', task ':flutter_local_notifications:compileDebugLibraryResources', task ':flutter_local_notifications:parseDebugLocalResources', task ':flutter_local_notifications:generateDebugRFile', task ':flutter_plugin_android_lifecycle:compileDebugLibraryResources', task ':flutter_plugin_android_lifecycle:parseDebugLocalResources', task ':flutter_plugin_android_lifecycle:generateDebugRFile', task ':geolocator_android:compileDebugLibraryResources', task ':geolocator_android:parseDebugLocalResources', task ':geolocator_android:generateDebugRFile', task ':image_picker_android:compileDebugLibraryResources', task ':image_picker_android:parseDebugLocalResources', task ':image_picker_android:generateDebugRFile', task ':path_provider_android:compileDebugLibraryResources', task ':path_provider_android:parseDebugLocalResources', task ':path_provider_android:generateDebugRFile', task ':permission_handler_android:compileDebugLibraryResources', task ':permission_handler_android:parseDebugLocalResources', task ':permission_handler_android:generateDebugRFile', task ':share_plus:compileDebugLibraryResources', task ':share_plus:parseDebugLocalResources', task ':share_plus:generateDebugRFile', task ':shared_preferences_android:compileDebugLibraryResources', task ':shared_preferences_android:parseDebugLocalResources', task ':shared_preferences_android:generateDebugRFile', task ':sqflite_android:compileDebugLibraryResources', task ':sqflite_android:parseDebugLocalResources', task ':sqflite_android:generateDebugRFile', task ':tflite_flutter:compileDebugLibraryResources', task ':tflite_flutter:parseDebugLocalResources', task ':tflite_flutter:generateDebugRFile', task ':app:processDebugResources', task ':camera_android:generateDebugBuildConfig', task ':camera_android:javaPreCompileDebug', task ':flutter_plugin_android_lifecycle:javaPreCompileDebug', task ':flutter_plugin_android_lifecycle:compileDebugJavaWithJavac', task ':flutter_plugin_android_lifecycle:bundleLibCompileToJarDebug', task ':camera_android:compileDebugJavaWithJavac', task ':camera_android:bundleLibCompileToJarDebug', task ':flutter_local_notifications:javaPreCompileDebug', task ':flutter_local_notifications:compileDebugJavaWithJavac', task ':flutter_local_notifications:bundleLibCompileToJarDebug', task ':geolocator_android:javaPreCompileDebug', task ':geolocator_android:compileDebugJavaWithJavac', task ':geolocator_android:bundleLibCompileToJarDebug', task ':image_picker_android:javaPreCompileDebug', task ':image_picker_android:compileDebugJavaWithJavac', task ':image_picker_android:bundleLibCompileToJarDebug', task ':path_provider_android:javaPreCompileDebug', task ':path_provider_android:compileDebugJavaWithJavac', task ':path_provider_android:bundleLibCompileToJarDebug', task ':permission_handler_android:javaPreCompileDebug', task ':permission_handler_android:compileDebugJavaWithJavac', task ':permission_handler_android:bundleLibCompileToJarDebug', task ':share_plus:checkKotlinGradlePluginConfigurationErrors', task ':share_plus:compileDebugKotlin', task ':share_plus:javaPreCompileDebug', task ':share_plus:compileDebugJavaWithJavac', task ':share_plus:bundleLibCompileToJarDebug', task ':shared_preferences_android:checkKotlinGradlePluginConfigurationErrors', task ':shared_preferences_android:compileDebugKotlin', task ':shared_preferences_android:javaPreCompileDebug', task ':shared_preferences_android:compileDebugJavaWithJavac', task ':shared_preferences_android:bundleLibCompileToJarDebug', task ':sqflite_android:javaPreCompileDebug', task ':sqflite_android:compileDebugJavaWithJavac', task ':sqflite_android:bundleLibCompileToJarDebug', task ':tflite_flutter:javaPreCompileDebug', task ':tflite_flutter:compileDebugJavaWithJavac', task ':tflite_flutter:bundleLibCompileToJarDebug', task ':app:compileDebugKotlin', task ':app:javaPreCompileDebug', task ':app:compileDebugJavaWithJavac', task ':app:compressDebugAssets', task ':camera_android:bundleLibRuntimeToJarDebug', task ':flutter_local_notifications:bundleLibRuntimeToJarDebug', task ':image_picker_android:bundleLibRuntimeToJarDebug', task ':flutter_plugin_android_lifecycle:bundleLibRuntimeToJarDebug', task ':geolocator_android:bundleLibRuntimeToJarDebug', task ':path_provider_android:bundleLibRuntimeToJarDebug', task ':permission_handler_android:bundleLibRuntimeToJarDebug', task ':share_plus:bundleLibRuntimeToJarDebug', task ':shared_preferences_android:bundleLibRuntimeToJarDebug', task ':sqflite_android:bundleLibRuntimeToJarDebug', task ':tflite_flutter:bundleLibRuntimeToJarDebug', task ':app:desugarDebugFileDependencies', task ':app:dexBuilderDebug', task ':app:mergeDebugGlobalSynthetics', task ':app:processDebugJavaRes', task ':camera_android:processDebugJavaRes', task ':flutter_local_notifications:processDebugJavaRes', task ':flutter_plugin_android_lifecycle:processDebugJavaRes', task ':geolocator_android:processDebugJavaRes', task ':image_picker_android:processDebugJavaRes', task ':path_provider_android:processDebugJavaRes', task ':permission_handler_android:processDebugJavaRes', task ':share_plus:processDebugJavaRes', task ':shared_preferences_android:processDebugJavaRes', task ':sqflite_android:processDebugJavaRes', task ':tflite_flutter:processDebugJavaRes', task ':app:mergeDebugJavaResource', task ':app:checkDebugDuplicateClasses', task ':app:mergeExtDexDebug', task ':camera_android:bundleLibRuntimeToDirDebug', task ':flutter_local_notifications:bundleLibRuntimeToDirDebug', task ':image_picker_android:bundleLibRuntimeToDirDebug', task ':flutter_plugin_android_lifecycle:bundleLibRuntimeToDirDebug', task ':geolocator_android:bundleLibRuntimeToDirDebug', task ':path_provider_android:bundleLibRuntimeToDirDebug', task ':permission_handler_android:bundleLibRuntimeToDirDebug', task ':share_plus:bundleLibRuntimeToDirDebug', task ':shared_preferences_android:bundleLibRuntimeToDirDebug', task ':sqflite_android:bundleLibRuntimeToDirDebug', task ':tflite_flutter:bundleLibRuntimeToDirDebug', task ':app:mergeLibDexDebug', task ':app:mergeProjectDexDebug', task ':app:configureCMakeDebug[arm64-v8a]', task ':app:buildCMakeDebug[arm64-v8a]', task ':app:configureCMakeDebug[armeabi-v7a]', task ':app:buildCMakeDebug[armeabi-v7a]', task ':app:configureCMakeDebug[x86_64]', task ':app:buildCMakeDebug[x86_64]', task ':app:mergeDebugJniLibFolders', task ':camera_android:mergeDebugJniLibFolders', task ':camera_android:mergeDebugNativeLibs', task ':camera_android:copyDebugJniLibsProjectOnly', task ':flutter_local_notifications:mergeDebugJniLibFolders', task ':flutter_local_notifications:mergeDebugNativeLibs', task ':flutter_local_notifications:copyDebugJniLibsProjectOnly', task ':flutter_plugin_android_lifecycle:mergeDebugJniLibFolders', task ':flutter_plugin_android_lifecycle:mergeDebugNativeLibs', task ':flutter_plugin_android_lifecycle:copyDebugJniLibsProjectOnly', task ':geolocator_android:mergeDebugJniLibFolders', task ':geolocator_android:mergeDebugNativeLibs', task ':geolocator_android:copyDebugJniLibsProjectOnly', task ':image_picker_android:mergeDebugJniLibFolders', task ':image_picker_android:mergeDebugNativeLibs', task ':image_picker_android:copyDebugJniLibsProjectOnly', task ':path_provider_android:mergeDebugJniLibFolders', task ':path_provider_android:mergeDebugNativeLibs', task ':path_provider_android:copyDebugJniLibsProjectOnly', task ':permission_handler_android:mergeDebugJniLibFolders', task ':permission_handler_android:mergeDebugNativeLibs', task ':permission_handler_android:copyDebugJniLibsProjectOnly', task ':share_plus:mergeDebugJniLibFolders', task ':share_plus:mergeDebugNativeLibs', task ':share_plus:copyDebugJniLibsProjectOnly', task ':shared_preferences_android:mergeDebugJniLibFolders', task ':shared_preferences_android:mergeDebugNativeLibs', task ':shared_preferences_android:copyDebugJniLibsProjectOnly', task ':sqflite_android:mergeDebugJniLibFolders', task ':sqflite_android:mergeDebugNativeLibs', task ':sqflite_android:copyDebugJniLibsProjectOnly', task ':tflite_flutter:mergeDebugJniLibFolders', task ':tflite_flutter:mergeDebugNativeLibs', task ':tflite_flutter:copyDebugJniLibsProjectOnly', task ':app:mergeDebugNativeLibs', task ':app:stripDebugDebugSymbols', task ':app:validateSigningDebug', task ':app:writeDebugAppMetadata', task ':app:writeDebugSigningConfigVersions', task ':app:packageDebug', task ':app:createDebugApkListingFileRedirect', task ':app:assembleDebug', task ':camera_android:stripDebugDebugSymbols', task ':camera_android:copyDebugJniLibsProjectAndLocalJars', task ':camera_android:extractDebugAnnotations', task ':camera_android:extractDeepLinksForAarDebug', task ':camera_android:mergeDebugGeneratedProguardFiles', task ':camera_android:mergeDebugConsumerProguardFiles', task ':camera_android:prepareDebugArtProfile', task ':camera_android:prepareLintJarForPublish', task ':camera_android:mergeDebugJavaResource', task ':camera_android:syncDebugLibJars', task ':camera_android:bundleDebugAar', task ':camera_android:assembleDebug', task ':flutter_local_notifications:stripDebugDebugSymbols', task ':flutter_local_notifications:copyDebugJniLibsProjectAndLocalJars', task ':flutter_local_notifications:extractDebugAnnotations', task ':flutter_local_notifications:extractDeepLinksForAarDebug', task ':flutter_local_notifications:mergeDebugGeneratedProguardFiles', task ':flutter_local_notifications:mergeDebugConsumerProguardFiles', task ':flutter_local_notifications:prepareDebugArtProfile', task ':flutter_local_notifications:prepareLintJarForPublish', task ':flutter_local_notifications:mergeDebugJavaResource', task ':flutter_local_notifications:syncDebugLibJars', task ':flutter_local_notifications:bundleDebugAar', task ':flutter_local_notifications:assembleDebug', task ':flutter_plugin_android_lifecycle:stripDebugDebugSymbols', task ':flutter_plugin_android_lifecycle:copyDebugJniLibsProjectAndLocalJars', task ':flutter_plugin_android_lifecycle:extractDebugAnnotations', task ':flutter_plugin_android_lifecycle:extractDeepLinksForAarDebug', task ':flutter_plugin_android_lifecycle:mergeDebugGeneratedProguardFiles', task ':flutter_plugin_android_lifecycle:mergeDebugConsumerProguardFiles', task ':flutter_plugin_android_lifecycle:prepareDebugArtProfile', task ':flutter_plugin_android_lifecycle:prepareLintJarForPublish', task ':flutter_plugin_android_lifecycle:mergeDebugJavaResource', task ':flutter_plugin_android_lifecycle:syncDebugLibJars', task ':flutter_plugin_android_lifecycle:bundleDebugAar', task ':flutter_plugin_android_lifecycle:assembleDebug', task ':geolocator_android:stripDebugDebugSymbols', task ':geolocator_android:copyDebugJniLibsProjectAndLocalJars', task ':geolocator_android:extractDebugAnnotations', task ':geolocator_android:extractDeepLinksForAarDebug', task ':geolocator_android:mergeDebugGeneratedProguardFiles', task ':geolocator_android:mergeDebugConsumerProguardFiles', task ':geolocator_android:prepareDebugArtProfile', task ':geolocator_android:prepareLintJarForPublish', task ':geolocator_android:mergeDebugJavaResource', task ':geolocator_android:syncDebugLibJars', task ':geolocator_android:bundleDebugAar', task ':geolocator_android:assembleDebug', task ':image_picker_android:stripDebugDebugSymbols', task ':image_picker_android:copyDebugJniLibsProjectAndLocalJars', task ':image_picker_android:extractDebugAnnotations', task ':image_picker_android:extractDeepLinksForAarDebug', task ':image_picker_android:mergeDebugGeneratedProguardFiles', task ':image_picker_android:mergeDebugConsumerProguardFiles', task ':image_picker_android:prepareDebugArtProfile', task ':image_picker_android:prepareLintJarForPublish', task ':image_picker_android:mergeDebugJavaResource', task ':image_picker_android:syncDebugLibJars', task ':image_picker_android:bundleDebugAar', task ':image_picker_android:assembleDebug', task ':path_provider_android:stripDebugDebugSymbols', task ':path_provider_android:copyDebugJniLibsProjectAndLocalJars', task ':path_provider_android:extractDebugAnnotations', task ':path_provider_android:extractDeepLinksForAarDebug', task ':path_provider_android:mergeDebugGeneratedProguardFiles', task ':path_provider_android:mergeDebugConsumerProguardFiles', task ':path_provider_android:prepareDebugArtProfile', task ':path_provider_android:prepareLintJarForPublish', task ':path_provider_android:mergeDebugJavaResource', task ':path_provider_android:syncDebugLibJars', task ':path_provider_android:bundleDebugAar', task ':path_provider_android:assembleDebug', task ':permission_handler_android:stripDebugDebugSymbols', task ':permission_handler_android:copyDebugJniLibsProjectAndLocalJars', task ':permission_handler_android:extractDebugAnnotations', task ':permission_handler_android:extractDeepLinksForAarDebug', task ':permission_handler_android:mergeDebugGeneratedProguardFiles', task ':permission_handler_android:mergeDebugConsumerProguardFiles', task ':permission_handler_android:prepareDebugArtProfile', task ':permission_handler_android:prepareLintJarForPublish', task ':permission_handler_android:mergeDebugJavaResource', task ':permission_handler_android:syncDebugLibJars', task ':permission_handler_android:bundleDebugAar', task ':permission_handler_android:assembleDebug', task ':share_plus:stripDebugDebugSymbols', task ':share_plus:copyDebugJniLibsProjectAndLocalJars', task ':share_plus:extractDebugAnnotations', task ':share_plus:extractDeepLinksForAarDebug', task ':share_plus:mergeDebugGeneratedProguardFiles', task ':share_plus:mergeDebugConsumerProguardFiles', task ':share_plus:prepareDebugArtProfile', task ':share_plus:prepareLintJarForPublish', task ':share_plus:mergeDebugJavaResource', task ':share_plus:syncDebugLibJars', task ':share_plus:bundleDebugAar', task ':share_plus:assembleDebug', task ':shared_preferences_android:stripDebugDebugSymbols', task ':shared_preferences_android:copyDebugJniLibsProjectAndLocalJars', task ':shared_preferences_android:extractDebugAnnotations', task ':shared_preferences_android:extractDeepLinksForAarDebug', task ':shared_preferences_android:mergeDebugGeneratedProguardFiles', task ':shared_preferences_android:mergeDebugConsumerProguardFiles', task ':shared_preferences_android:prepareDebugArtProfile', task ':shared_preferences_android:prepareLintJarForPublish', task ':shared_preferences_android:mergeDebugJavaResource', task ':shared_preferences_android:syncDebugLibJars', task ':shared_preferences_android:bundleDebugAar', task ':shared_preferences_android:assembleDebug', task ':sqflite_android:stripDebugDebugSymbols', task ':sqflite_android:copyDebugJniLibsProjectAndLocalJars', task ':sqflite_android:extractDebugAnnotations', task ':sqflite_android:extractDeepLinksForAarDebug', task ':sqflite_android:mergeDebugGeneratedProguardFiles', task ':sqflite_android:mergeDebugConsumerProguardFiles', task ':sqflite_android:prepareDebugArtProfile', task ':sqflite_android:prepareLintJarForPublish', task ':sqflite_android:mergeDebugJavaResource', task ':sqflite_android:syncDebugLibJars', task ':sqflite_android:bundleDebugAar', task ':sqflite_android:assembleDebug', task ':tflite_flutter:stripDebugDebugSymbols', task ':tflite_flutter:copyDebugJniLibsProjectAndLocalJars', task ':tflite_flutter:extractDebugAnnotations', task ':tflite_flutter:extractDeepLinksForAarDebug', task ':tflite_flutter:mergeDebugGeneratedProguardFiles', task ':tflite_flutter:mergeDebugConsumerProguardFiles', task ':tflite_flutter:prepareDebugArtProfile', task ':tflite_flutter:prepareLintJarForPublish', task ':tflite_flutter:mergeDebugJavaResource', task ':tflite_flutter:syncDebugLibJars', task ':tflite_flutter:bundleDebugAar', task ':tflite_flutter:assembleDebug']
[   +1 ms] Tasks that were excluded: []
[        ] work action Parameters of IdentityTransform (Thread[#658,Execution worker Thread 4,5,main]) started.
[  +82 ms] work action Parameters of DexingNoClasspathTransform (Thread[#658,Execution worker Thread 4,5,main]) started.
[        ] work action Parameters of DexingOutputSplitTransform (Thread[#658,Execution worker Thread 4,5,main]) started.
[        ] work action Parameters of ClassesDirToClassesTransform (Thread[#658,Execution worker Thread 4,5,main]) started.
[   +1 ms] work action Parameters of DexingOutputSplitTransform (Thread[#658,Execution worker Thread 4,5,main]) started.
[        ] Resolve mutations for :app:DebugMinSdkCheck (Thread[#658,Execution worker Thread 4,5,main]) started.
[        ] :app:DebugMinSdkCheck (Thread[#658,Execution worker Thread 4,5,main]) started.
[        ] > Task :app:DebugMinSdkCheck
[        ] Caching disabled for task ':app:DebugMinSdkCheck' because:
[        ]   Build cache is disabled
[        ] Task ':app:DebugMinSdkCheck' is not up-to-date because:
[        ]   Task has not declared any outputs despite executing actions.
[        ] Resolve mutations for :app:preBuild (Thread[#658,Execution worker Thread 4,5,main]) started.
[        ] :app:preBuild (Thread[#658,Execution worker Thread 4,5,main]) started.
[        ] > Task :app:preBuild UP-TO-DATE
[        ] Skipping task ':app:preBuild' as it has no actions.
[        ] Resolve mutations for :app:preDebugBuild (Thread[#658,Execution worker Thread 4,5,main]) started.
[        ] :app:preDebugBuild (Thread[#658,Execution worker Thread 4,5,main]) started.
[        ] > Task :app:preDebugBuild UP-TO-DATE
[        ] Skipping task ':app:preDebugBuild' as it has no actions.
[        ] Resolve mutations for :app:mergeDebugNativeDebugMetadata (Thread[#658,Execution worker Thread 4,5,main]) started.
[        ] :app:mergeDebugNativeDebugMetadata (Thread[#658,Execution worker Thread 4,5,main]) started.
[        ] > Task :app:mergeDebugNativeDebugMetadata NO-SOURCE
[        ] Skipping task ':app:mergeDebugNativeDebugMetadata' as it has no source files and no previous output files.
[        ] Resolve mutations for :app:checkKotlinGradlePluginConfigurationErrors (Thread[#658,Execution worker Thread 4,5,main]) started.
[        ] :app:checkKotlinGradlePluginConfigurationErrors (Thread[#658,Execution worker Thread 4,5,main]) started.
[        ] > Task :app:checkKotlinGradlePluginConfigurationErrors SKIPPED
[        ] Skipping task ':app:checkKotlinGradlePluginConfigurationErrors' as task onlyIf 'errorDiagnostics are present' is false.
[        ] Resolve mutations for :app:compileFlutterBuildDebug (Thread[#656,Execution worker Thread 2,5,main]) started.
[        ] :app:compileFlutterBuildDebug (Thread[#656,Execution worker Thread 2,5,main]) started.
[+1985 ms] > Task :app:compileFlutterBuildDebug
[        ] Caching disabled for task ':app:compileFlutterBuildDebug' because:
[        ]   Build cache is disabled
[        ]   Caching has not been enabled for the task
[        ] Task ':app:compileFlutterBuildDebug' is not up-to-date because:
[        ]   Value of input property 'verbose' has changed for task ':app:compileFlutterBuildDebug'
[   +2 ms] Starting process 'command '/home/error51/snap/flutter/common/flutter/bin/flutter''. Working directory: /home/error51/projects/ai/agri_ai_uganda Command: /home/error51/snap/flutter/common/flutter/bin/flutter --verbose assemble --no-version-check --depfile /home/error51/projects/ai/agri_ai_uganda/build/app/intermediates/flutter/debug/flutter_build.d --output /home/error51/projects/ai/agri_ai_uganda/build/app/intermediates/flutter/debug -dTargetFile=lib/main.dart -dTargetPlatform=android -dBuildMode=debug -dTrackWidgetCreation=true --DartDefines=RkxVVFRFUl9WRVJTSU9OPTMuMzguNQ==,RkxVVFRFUl9DSEFOTkVMPXN0YWJsZQ==,RkxVVFRFUl9HSVRfVVJMPWh0dHBzOi8vZ2l0aHViLmNvbS9mbHV0dGVyL2ZsdXR0ZXIuZ2l0,RkxVVFRFUl9GUkFNRVdPUktfUkVWSVNJT049ZjZmZjE1MjlmZA==,RkxVVFRFUl9FTkdJTkVfUkVWSVNJT049MTUyN2FlMGVjNQ==,RkxVVFRFUl9EQVJUX1ZFUlNJT049My4xMC40 -dFlavor= -dAndroidArchs=android-arm android-arm64 android-x64 -dMinSdkVersion=24 debug_android_application
[        ] Successfully started process 'command '/home/error51/snap/flutter/common/flutter/bin/flutter''
[        ] [ +186 ms] executing: uname -m
[        ] [  +22 ms] Exit code 0 from: uname -m
[        ] [   +1 ms] x86_64
[        ] [  +49 ms] Artifact Instance of 'MaterialFonts' is not required, skipping update.
[        ] [        ] Artifact Instance of 'GradleWrapper' is not required, skipping update.
[        ] [        ] Artifact Instance of 'AndroidGenSnapshotArtifacts' is not required, skipping update.
[        ] [        ] Artifact Instance of 'AndroidInternalBuildArtifacts' is not required, skipping update.
[        ] [        ] Artifact Instance of 'IOSEngineArtifacts' is not required, skipping update.
[        ] [        ] Artifact Instance of 'FlutterWebSdk' is not required, skipping update.
[        ] [   +4 ms] Artifact Instance of 'LegacyCanvasKitRemover' is not required, skipping update.
[        ] [        ] Artifact Instance of 'FlutterSdk' is not required, skipping update.
[        ] [        ] Artifact Instance of 'WindowsEngineArtifacts' is not required, skipping update.
[        ] [        ] Artifact Instance of 'MacOSEngineArtifacts' is not required, skipping update.
[        ] [        ] Artifact Instance of 'LinuxEngineArtifacts' is not required, skipping update.
[        ] [        ] Artifact Instance of 'LinuxFuchsiaSDKArtifacts' is not required, skipping update.
[        ] [        ] Artifact Instance of 'MacOSFuchsiaSDKArtifacts' is not required, skipping update.
[        ] [        ] Artifact Instance of 'FlutterRunnerSDKArtifacts' is not required, skipping update.
[        ] [        ] Artifact Instance of 'FlutterRunnerDebugSymbols' is not required, skipping update.
[        ] [        ] Artifact Instance of 'IosUsbArtifacts' is not required, skipping update.
[        ] [        ] Artifact Instance of 'IosUsbArtifacts' is not required, skipping update.
[        ] [        ] Artifact Instance of 'IosUsbArtifacts' is not required, skipping update.
[        ] [        ] Artifact Instance of 'IosUsbArtifacts' is not required, skipping update.
[        ] [        ] Artifact Instance of 'IosUsbArtifacts' is not required, skipping update.
[        ] [        ] Artifact Instance of 'IosUsbArtifacts' is not required, skipping update.
[        ] [        ] Artifact Instance of 'FontSubsetArtifacts' is not required, skipping update.
[        ] [        ] Artifact Instance of 'PubDependencies' is not required, skipping update.
[        ] [  +59 ms] Artifact Instance of 'AndroidGenSnapshotArtifacts' is not required, skipping update.
[        ] [        ] Artifact Instance of 'AndroidInternalBuildArtifacts' is not required, skipping update.
[        ] [        ] Artifact Instance of 'IOSEngineArtifacts' is not required, skipping update.
[        ] [        ] Artifact Instance of 'FlutterWebSdk' is not required, skipping update.
[        ] [        ] Artifact Instance of 'FlutterEngineStamp' is not required, skipping update.
[        ] [        ] Artifact Instance of 'LegacyCanvasKitRemover' is not required, skipping update.
[        ] [  +16 ms] Artifact Instance of 'WindowsEngineArtifacts' is not required, skipping update.
[        ] [        ] Artifact Instance of 'MacOSEngineArtifacts' is not required, skipping update.
[        ] [        ] Artifact Instance of 'LinuxEngineArtifacts' is not required, skipping update.
[        ] [        ] Artifact Instance of 'LinuxFuchsiaSDKArtifacts' is not required, skipping update.
[        ] [        ] Artifact Instance of 'MacOSFuchsiaSDKArtifacts' is not required, skipping update.
[        ] [        ] Artifact Instance of 'FlutterRunnerSDKArtifacts' is not required, skipping update.
[        ] [        ] Artifact Instance of 'FlutterRunnerDebugSymbols' is not required, skipping update.
[        ] [ +457 ms] Artifact Instance of 'MaterialFonts' is not required, skipping update.
[        ] [        ] Artifact Instance of 'GradleWrapper' is not required, skipping update.
[        ] [   +7 ms] Artifact Instance of 'AndroidInternalBuildArtifacts' is not required, skipping update.
[        ] [        ] Artifact Instance of 'IOSEngineArtifacts' is not required, skipping update.
[        ] [        ] Artifact Instance of 'FlutterWebSdk' is not required, skipping update.
[        ] [        ] Artifact Instance of 'FlutterEngineStamp' is not required, skipping update.
[        ] [        ] Artifact Instance of 'LegacyCanvasKitRemover' is not required, skipping update.
[        ] [        ] Artifact Instance of 'FlutterSdk' is not required, skipping update.
[        ] [        ] Artifact Instance of 'WindowsEngineArtifacts' is not required, skipping update.
[        ] [        ] Artifact Instance of 'MacOSEngineArtifacts' is not required, skipping update.
[        ] [        ] Artifact Instance of 'LinuxEngineArtifacts' is not required, skipping update.
[        ] [        ] Artifact Instance of 'LinuxFuchsiaSDKArtifacts' is not required, skipping update.
[        ] [        ] Artifact Instance of 'MacOSFuchsiaSDKArtifacts' is not required, skipping update.
[        ] [        ] Artifact Instance of 'FlutterRunnerSDKArtifacts' is not required, skipping update.
[        ] [        ] Artifact Instance of 'FlutterRunnerDebugSymbols' is not required, skipping update.
[        ] [        ] Artifact Instance of 'IosUsbArtifacts' is not required, skipping update.
[        ] [        ] Artifact Instance of 'IosUsbArtifacts' is not required, skipping update.
[        ] [        ] Artifact Instance of 'IosUsbArtifacts' is not required, skipping update.
[        ] [        ] Artifact Instance of 'IosUsbArtifacts' is not required, skipping update.
[        ] [        ] Artifact Instance of 'IosUsbArtifacts' is not required, skipping update.
[        ] [        ] Artifact Instance of 'IosUsbArtifacts' is not required, skipping update.
[        ] [        ] Artifact Instance of 'FontSubsetArtifacts' is not required, skipping update.
[        ] [        ] Artifact Instance of 'PubDependencies' is not required, skipping update.
[        ] [ +197 ms] Initializing file store
[        ] [  +74 ms] Done initializing file store
[  +67 ms] [ +281 ms] Skipping target: dart_build
[        ] [   +8 ms] Skipping target: gen_dart_plugin_registrant
[        ] [   +1 ms] Skipping target: install_code_assets
[        ] [        ] Skipping target: gen_localizations
[+3998 ms] [+4047 ms] Skipping target: kernel_snapshot_program
[  +99 ms] [  +70 ms] invalidated build due to missing files: /home/error51/projects/ai/agri_ai_uganda/DOES_NOT_EXIST_RERUN_FOR_WILDCARD379939017
[+1699 ms] [+1652 ms] debug_android_application: Starting due to {InvalidatedReasonKind.inputMissing: The following inputs were missing: /home/error51/projects/ai/agri_ai_uganda/DOES_NOT_EXIST_RERUN_FOR_WILDCARD379939017}
[+1900 ms] [+1924 ms] Manifest contained wildcard assets. Inserting missing file into build graph to force rerun. for more information see #56466.
[   +1 ms] [  +59 ms] shaderc command: [/home/error51/snap/flutter/common/flutter/bin/cache/artifacts/engine/linux-x64/impellerc, --sksl, --runtime-stage-gles, --runtime-stage-gles3, --runtime-stage-vulkan, --iplr, --sl=/home/error51/projects/ai/agri_ai_uganda/build/app/intermediates/flutter/debug/flutter_assets/shaders/ink_sparkle.frag, --spirv=/home/error51/projects/ai/agri_ai_uganda/build/app/intermediates/flutter/debug/flutter_assets/shaders/ink_sparkle.frag.spirv, --input=/home/error51/snap/flutter/common/flutter/packages/flutter/lib/src/material/shaders/ink_sparkle.frag, --input-type=frag, --include=/home/error51/snap/flutter/common/flutter/packages/flutter/lib/src/material/shaders, --include=/home/error51/snap/flutter/common/flutter/bin/cache/artifacts/engine/linux-x64/shader_lib]
[  +99 ms] [   +8 ms] shaderc command: [/home/error51/snap/flutter/common/flutter/bin/cache/artifacts/engine/linux-x64/impellerc, --sksl, --runtime-stage-gles, --runtime-stage-gles3, --runtime-stage-vulkan, --iplr, --sl=/home/error51/projects/ai/agri_ai_uganda/build/app/intermediates/flutter/debug/flutter_assets/shaders/stretch_effect.frag, --spirv=/home/error51/projects/ai/agri_ai_uganda/build/app/intermediates/flutter/debug/flutter_assets/shaders/stretch_effect.frag.spirv, --input=/home/error51/snap/flutter/common/flutter/packages/flutter/lib/src/material/shaders/stretch_effect.frag, --input-type=frag, --include=/home/error51/snap/flutter/common/flutter/packages/flutter/lib/src/material/shaders, --include=/home/error51/snap/flutter/common/flutter/bin/cache/artifacts/engine/linux-x64/shader_lib]
[+2098 ms] [+2168 ms] debug_android_application: Complete
[+1499 ms] [+1432 ms] Persisting file store
[        ] [  +37 ms] Done persisting file store
[ +199 ms] [ +162 ms] build succeeded.
[        ] [  +40 ms] "flutter assemble" took 12,711ms.
[ +399 ms] [ +375 ms] Running 1 shutdown hook
[   +1 ms] [   +4 ms] Shutdown hooks complete
[ +298 ms] [ +347 ms] exiting with code 0
[ +500 ms] Resolve mutations for :app:packJniLibsflutterBuildDebug (Thread[#656,Execution worker Thread 2,5,main]) started.
[   +1 ms] :app:packJniLibsflutterBuildDebug (Thread[#656,Execution worker Thread 2,5,main]) started.
[   +1 ms] > Task :app:packJniLibsflutterBuildDebug UP-TO-DATE
[        ] Caching disabled for task ':app:packJniLibsflutterBuildDebug' because:
[        ]   Build cache is disabled
[        ]   Not worth caching
[        ] Skipping task ':app:packJniLibsflutterBuildDebug' as it is up-to-date.
[        ] Resolve mutations for :camera_android:preBuild (Thread[#656,Execution worker Thread 2,5,main]) started.
[        ] :camera_android:preBuild (Thread[#656,Execution worker Thread 2,5,main]) started.
[   +1 ms] > Task :camera_android:preBuild UP-TO-DATE
[        ] Skipping task ':camera_android:preBuild' as it has no actions.
[        ] Resolve mutations for :camera_android:preDebugBuild (Thread[#656,Execution worker Thread 2,5,main]) started.
[   +1 ms] :camera_android:preDebugBuild (Thread[#656,Execution worker Thread 2,5,main]) started.
[   +1 ms] > Task :camera_android:preDebugBuild UP-TO-DATE
[        ] Skipping task ':camera_android:preDebugBuild' as it has no actions.
[   +1 ms] Resolve mutations for :camera_android:writeDebugAarMetadata (Thread[#656,Execution worker Thread 2,5,main]) started.
[        ] :camera_android:writeDebugAarMetadata (Thread[#656,Execution worker Thread 2,5,main]) started.
[   +1 ms] > Task :camera_android:writeDebugAarMetadata UP-TO-DATE
[        ] Caching disabled for task ':camera_android:writeDebugAarMetadata' because:
[   +1 ms]   Build cache is disabled
[        ]   Caching has been disabled for the task
[        ] Skipping task ':camera_android:writeDebugAarMetadata' as it is up-to-date.
[        ] work action resolve aar-metadata.properties (project :camera_android) (Thread[#656,Execution worker Thread 2,5,main]) started.
[   +1 ms] Resolve mutations for :flutter_local_notifications:preBuild (Thread[#656,Execution worker Thread 2,5,main]) started.
[        ] :flutter_local_notifications:preBuild (Thread[#656,Execution worker Thread 2,5,main]) started.
[   +1 ms] > Task :flutter_local_notifications:preBuild UP-TO-DATE
[        ] Skipping task ':flutter_local_notifications:preBuild' as it has no actions.
[   +1 ms] Resolve mutations for :flutter_local_notifications:preDebugBuild (Thread[#656,Execution worker Thread 2,5,main]) started.
[        ] :flutter_local_notifications:preDebugBuild (Thread[#656,Execution worker Thread 2,5,main]) started.
[   +1 ms] > Task :flutter_local_notifications:preDebugBuild UP-TO-DATE
[        ] Skipping task ':flutter_local_notifications:preDebugBuild' as it has no actions.
[        ] Resolve mutations for :flutter_local_notifications:writeDebugAarMetadata (Thread[#656,Execution worker Thread 2,5,main]) started.
[        ] :flutter_local_notifications:writeDebugAarMetadata (Thread[#656,Execution worker Thread 2,5,main]) started.
[  +67 ms] > Task :flutter_local_notifications:writeDebugAarMetadata UP-TO-DATE
[   +1 ms] Caching disabled for task ':flutter_local_notifications:writeDebugAarMetadata' because:
[        ]   Build cache is disabled
[        ]   Caching has been disabled for the task
[   +1 ms] Skipping task ':flutter_local_notifications:writeDebugAarMetadata' as it is up-to-date.
[   +1 ms] work action resolve aar-metadata.properties (project :flutter_local_notifications) (Thread[#656,Execution worker Thread 2,5,main]) started.
[   +1 ms] Resolve mutations for :flutter_plugin_android_lifecycle:preBuild (Thread[#656,Execution worker Thread 2,5,main]) started.
[   +1 ms] :flutter_plugin_android_lifecycle:preBuild (Thread[#656,Execution worker Thread 2,5,main]) started.
[   +1 ms] > Task :flutter_plugin_android_lifecycle:preBuild UP-TO-DATE
[        ] Skipping task ':flutter_plugin_android_lifecycle:preBuild' as it has no actions.
[        ] Resolve mutations for :flutter_plugin_android_lifecycle:preDebugBuild (Thread[#656,Execution worker Thread 2,5,main]) started.
[        ] :flutter_plugin_android_lifecycle:preDebugBuild (Thread[#656,Execution worker Thread 2,5,main]) started.
[   +1 ms] > Task :flutter_plugin_android_lifecycle:preDebugBuild UP-TO-DATE
[        ] Skipping task ':flutter_plugin_android_lifecycle:preDebugBuild' as it has no actions.
[        ] Resolve mutations for :flutter_plugin_android_lifecycle:writeDebugAarMetadata (Thread[#656,Execution worker Thread 2,5,main]) started.
[        ] :flutter_plugin_android_lifecycle:writeDebugAarMetadata (Thread[#660,Execution worker Thread 6,5,main]) started.
[        ] > Task :flutter_plugin_android_lifecycle:writeDebugAarMetadata UP-TO-DATE
[        ] Caching disabled for task ':flutter_plugin_android_lifecycle:writeDebugAarMetadata' because:
[        ]   Build cache is disabled
[        ]   Caching has been disabled for the task
[        ] Skipping task ':flutter_plugin_android_lifecycle:writeDebugAarMetadata' as it is up-to-date.
[        ] work action resolve aar-metadata.properties (project :flutter_plugin_android_lifecycle) (Thread[#660,Execution worker Thread 6,5,main]) started.
[   +1 ms] Resolve mutations for :geolocator_android:preBuild (Thread[#660,Execution worker Thread 6,5,main]) started.
[   +1 ms] :geolocator_android:preBuild (Thread[#660,Execution worker Thread 6,5,main]) started.
[        ] > Task :geolocator_android:preBuild UP-TO-DATE
[        ] Skipping task ':geolocator_android:preBuild' as it has no actions.
[        ] Resolve mutations for :geolocator_android:preDebugBuild (Thread[#660,Execution worker Thread 6,5,main]) started.
[        ] :geolocator_android:preDebugBuild (Thread[#660,Execution worker Thread 6,5,main]) started.
[        ] > Task :geolocator_android:preDebugBuild UP-TO-DATE
[        ] Skipping task ':geolocator_android:preDebugBuild' as it has no actions.
[        ] Resolve mutations for :geolocator_android:writeDebugAarMetadata (Thread[#660,Execution worker Thread 6,5,main]) started.
[        ] :geolocator_android:writeDebugAarMetadata (Thread[#660,Execution worker Thread 6,5,main]) started.
[        ] > Task :geolocator_android:writeDebugAarMetadata UP-TO-DATE
[        ] Caching disabled for task ':geolocator_android:writeDebugAarMetadata' because:
[        ]   Build cache is disabled
[        ]   Caching has been disabled for the task
[        ] Skipping task ':geolocator_android:writeDebugAarMetadata' as it is up-to-date.
[        ] work action resolve aar-metadata.properties (project :geolocator_android) (Thread[#660,Execution worker Thread 6,5,main]) started.
[        ] Resolve mutations for :image_picker_android:preBuild (Thread[#660,Execution worker Thread 6,5,main]) started.
[        ] :image_picker_android:preBuild (Thread[#660,Execution worker Thread 6,5,main]) started.
[        ] > Task :image_picker_android:preBuild UP-TO-DATE
[        ] Skipping task ':image_picker_android:preBuild' as it has no actions.
[        ] Resolve mutations for :image_picker_android:preDebugBuild (Thread[#660,Execution worker Thread 6,5,main]) started.
[        ] :image_picker_android:preDebugBuild (Thread[#660,Execution worker Thread 6,5,main]) started.
[        ] > Task :image_picker_android:preDebugBuild UP-TO-DATE
[        ] Skipping task ':image_picker_android:preDebugBuild' as it has no actions.
[        ] Resolve mutations for :image_picker_android:writeDebugAarMetadata (Thread[#660,Execution worker Thread 6,5,main]) started.
[        ] :image_picker_android:writeDebugAarMetadata (Thread[#660,Execution worker Thread 6,5,main]) started.
[        ] > Task :image_picker_android:writeDebugAarMetadata UP-TO-DATE
[        ] Caching disabled for task ':image_picker_android:writeDebugAarMetadata' because:
[        ]   Build cache is disabled
[        ]   Caching has been disabled for the task
[        ] Skipping task ':image_picker_android:writeDebugAarMetadata' as it is up-to-date.
[        ] work action resolve aar-metadata.properties (project :image_picker_android) (Thread[#660,Execution worker Thread 6,5,main]) started.
[        ] Resolve mutations for :path_provider_android:preBuild (Thread[#660,Execution worker Thread 6,5,main]) started.
[        ] :path_provider_android:preBuild (Thread[#660,Execution worker Thread 6,5,main]) started.
[        ] > Task :path_provider_android:preBuild UP-TO-DATE
[        ] Skipping task ':path_provider_android:preBuild' as it has no actions.
[        ] Resolve mutations for :path_provider_android:preDebugBuild (Thread[#660,Execution worker Thread 6,5,main]) started.
[        ] :path_provider_android:preDebugBuild (Thread[#660,Execution worker Thread 6,5,main]) started.
[        ] > Task :path_provider_android:preDebugBuild UP-TO-DATE
[        ] Skipping task ':path_provider_android:preDebugBuild' as it has no actions.
[        ] Resolve mutations for :path_provider_android:writeDebugAarMetadata (Thread[#660,Execution worker Thread 6,5,main]) started.
[        ] :path_provider_android:writeDebugAarMetadata (Thread[#660,Execution worker Thread 6,5,main]) started.
[        ] > Task :path_provider_android:writeDebugAarMetadata UP-TO-DATE
[        ] Caching disabled for task ':path_provider_android:writeDebugAarMetadata' because:
[        ]   Build cache is disabled
[        ]   Caching has been disabled for the task
[        ] Skipping task ':path_provider_android:writeDebugAarMetadata' as it is up-to-date.
[        ] work action resolve aar-metadata.properties (project :path_provider_android) (Thread[#660,Execution worker Thread 6,5,main]) started.
[        ] Resolve mutations for :permission_handler_android:preBuild (Thread[#660,Execution worker Thread 6,5,main]) started.
[        ] :permission_handler_android:preBuild (Thread[#660,Execution worker Thread 6,5,main]) started.
[        ] > Task :permission_handler_android:preBuild UP-TO-DATE
[        ] Skipping task ':permission_handler_android:preBuild' as it has no actions.
[        ] Resolve mutations for :permission_handler_android:preDebugBuild (Thread[#660,Execution worker Thread 6,5,main]) started.
[        ] :permission_handler_android:preDebugBuild (Thread[#660,Execution worker Thread 6,5,main]) started.
[        ] > Task :permission_handler_android:preDebugBuild UP-TO-DATE
[        ] Skipping task ':permission_handler_android:preDebugBuild' as it has no actions.
[        ] Resolve mutations for :permission_handler_android:writeDebugAarMetadata (Thread[#660,Execution worker Thread 6,5,main]) started.
[        ] :permission_handler_android:writeDebugAarMetadata (Thread[#660,Execution worker Thread 6,5,main]) started.
[        ] > Task :permission_handler_android:writeDebugAarMetadata UP-TO-DATE
[        ] Caching disabled for task ':permission_handler_android:writeDebugAarMetadata' because:
[        ]   Build cache is disabled
[        ]   Caching has been disabled for the task
[        ] Skipping task ':permission_handler_android:writeDebugAarMetadata' as it is up-to-date.
[        ] work action resolve aar-metadata.properties (project :permission_handler_android) (Thread[#660,Execution worker Thread 6,5,main]) started.
[        ] Resolve mutations for :share_plus:preBuild (Thread[#660,Execution worker Thread 6,5,main]) started.
[        ] :share_plus:preBuild (Thread[#660,Execution worker Thread 6,5,main]) started.
[        ] > Task :share_plus:preBuild UP-TO-DATE
[        ] Skipping task ':share_plus:preBuild' as it has no actions.
[        ] Resolve mutations for :share_plus:preDebugBuild (Thread[#660,Execution worker Thread 6,5,main]) started.
[        ] :share_plus:preDebugBuild (Thread[#660,Execution worker Thread 6,5,main]) started.
[        ] > Task :share_plus:preDebugBuild UP-TO-DATE
[        ] Skipping task ':share_plus:preDebugBuild' as it has no actions.
[        ] Resolve mutations for :share_plus:writeDebugAarMetadata (Thread[#660,Execution worker Thread 6,5,main]) started.
[        ] :share_plus:writeDebugAarMetadata (Thread[#660,Execution worker Thread 6,5,main]) started.
[        ] > Task :share_plus:writeDebugAarMetadata UP-TO-DATE
[        ] Caching disabled for task ':share_plus:writeDebugAarMetadata' because:
[        ]   Build cache is disabled
[        ]   Caching has been disabled for the task
[        ] Skipping task ':share_plus:writeDebugAarMetadata' as it is up-to-date.
[        ] work action resolve aar-metadata.properties (project :share_plus) (Thread[#660,Execution worker Thread 6,5,main]) started.
[        ] Resolve mutations for :shared_preferences_android:preBuild (Thread[#660,Execution worker Thread 6,5,main]) started.
[        ] :shared_preferences_android:preBuild (Thread[#660,Execution worker Thread 6,5,main]) started.
[        ] > Task :shared_preferences_android:preBuild UP-TO-DATE
[   +3 ms] Skipping task ':shared_preferences_android:preBuild' as it has no actions.
[        ] Resolve mutations for :shared_preferences_android:preDebugBuild (Thread[#660,Execution worker Thread 6,5,main]) started.
[        ] :shared_preferences_android:preDebugBuild (Thread[#660,Execution worker Thread 6,5,main]) started.
[        ] > Task :shared_preferences_android:preDebugBuild UP-TO-DATE
[        ] Skipping task ':shared_preferences_android:preDebugBuild' as it has no actions.
[        ] Resolve mutations for :shared_preferences_android:writeDebugAarMetadata (Thread[#660,Execution worker Thread 6,5,main]) started.
[        ] :shared_preferences_android:writeDebugAarMetadata (Thread[#660,Execution worker Thread 6,5,main]) started.
[        ] > Task :shared_preferences_android:writeDebugAarMetadata UP-TO-DATE
[        ] Caching disabled for task ':shared_preferences_android:writeDebugAarMetadata' because:
[        ]   Build cache is disabled
[        ]   Caching has been disabled for the task
[        ] Skipping task ':shared_preferences_android:writeDebugAarMetadata' as it is up-to-date.
[        ] work action resolve aar-metadata.properties (project :shared_preferences_android) (Thread[#660,Execution worker Thread 6,5,main]) started.
[        ] Resolve mutations for :sqflite_android:preBuild (Thread[#660,Execution worker Thread 6,5,main]) started.
[        ] :sqflite_android:preBuild (Thread[#660,Execution worker Thread 6,5,main]) started.
[        ] > Task :sqflite_android:preBuild UP-TO-DATE
[        ] Skipping task ':sqflite_android:preBuild' as it has no actions.
[        ] Resolve mutations for :sqflite_android:preDebugBuild (Thread[#660,Execution worker Thread 6,5,main]) started.
[        ] :sqflite_android:preDebugBuild (Thread[#660,Execution worker Thread 6,5,main]) started.
[        ] > Task :sqflite_android:preDebugBuild UP-TO-DATE
[        ] Skipping task ':sqflite_android:preDebugBuild' as it has no actions.
[        ] Resolve mutations for :sqflite_android:writeDebugAarMetadata (Thread[#660,Execution worker Thread 6,5,main]) started.
[        ] :sqflite_android:writeDebugAarMetadata (Thread[#660,Execution worker Thread 6,5,main]) started.
[   +2 ms] > Task :sqflite_android:writeDebugAarMetadata UP-TO-DATE
[        ] Caching disabled for task ':sqflite_android:writeDebugAarMetadata' because:
[        ]   Build cache is disabled
[        ]   Caching has been disabled for the task
[        ] Skipping task ':sqflite_android:writeDebugAarMetadata' as it is up-to-date.
[        ] work action resolve aar-metadata.properties (project :sqflite_android) (Thread[#660,Execution worker Thread 6,5,main]) started.
[        ] Resolve mutations for :tflite_flutter:preBuild (Thread[#660,Execution worker Thread 6,5,main]) started.
[        ] :tflite_flutter:preBuild (Thread[#660,Execution worker Thread 6,5,main]) started.
[        ] > Task :tflite_flutter:preBuild UP-TO-DATE
[        ] Skipping task ':tflite_flutter:preBuild' as it has no actions.
[        ] Resolve mutations for :tflite_flutter:preDebugBuild (Thread[#660,Execution worker Thread 6,5,main]) started.
[        ] :tflite_flutter:preDebugBuild (Thread[#660,Execution worker Thread 6,5,main]) started.
[        ] > Task :tflite_flutter:preDebugBuild UP-TO-DATE
[        ] Skipping task ':tflite_flutter:preDebugBuild' as it has no actions.
[        ] Resolve mutations for :tflite_flutter:writeDebugAarMetadata (Thread[#660,Execution worker Thread 6,5,main]) started.
[        ] :tflite_flutter:writeDebugAarMetadata (Thread[#660,Execution worker Thread 6,5,main]) started.
[   +1 ms] > Task :tflite_flutter:writeDebugAarMetadata UP-TO-DATE
[        ] Caching disabled for task ':tflite_flutter:writeDebugAarMetadata' because:
[        ]   Build cache is disabled
[        ]   Caching has been disabled for the task
[        ] Skipping task ':tflite_flutter:writeDebugAarMetadata' as it is up-to-date.
[        ] work action resolve aar-metadata.properties (project :tflite_flutter) (Thread[#660,Execution worker Thread 6,5,main]) started.
[        ] Resolve mutations for :app:checkDebugAarMetadata (Thread[#660,Execution worker Thread 6,5,main]) started.
[        ] :app:checkDebugAarMetadata (Thread[#660,Execution worker Thread 6,5,main]) started.
[ +484 ms] Resolve mutations for :app:cleanMergeDebugAssets (Thread[#655,Execution worker,5,main]) started.
[        ] :app:cleanMergeDebugAssets (Thread[#655,Execution worker,5,main]) started.
[        ] > Task :app:cleanMergeDebugAssets UP-TO-DATE
[        ] Caching disabled for task ':app:cleanMergeDebugAssets' because:
[        ]   Build cache is disabled
[        ] Task ':app:cleanMergeDebugAssets' is not up-to-date because:
[        ]   Task has not declared any outputs despite executing actions.
[        ] Resolve mutations for :app:mergeDebugShaders (Thread[#655,Execution worker,5,main]) started.
[        ] :app:mergeDebugShaders (Thread[#655,Execution worker,5,main]) started.
[        ] > Task :app:mergeDebugShaders UP-TO-DATE
[        ] Caching disabled for task ':app:mergeDebugShaders' because:
[        ]   Build cache is disabled
[        ]   Simple merging task
[        ] Skipping task ':app:mergeDebugShaders' as it is up-to-date.
[        ] Resolve mutations for :app:compileDebugShaders (Thread[#655,Execution worker,5,main]) started.
[  +93 ms] :app:compileDebugShaders (Thread[#655,Execution worker,5,main]) started.
[   +1 ms] > Task :app:compileDebugShaders NO-SOURCE
[        ] Skipping task ':app:compileDebugShaders' as it has no source files and no previous output files.
[        ] Resolve mutations for :app:generateDebugAssets (Thread[#655,Execution worker,5,main]) started.
[        ] :app:generateDebugAssets (Thread[#655,Execution worker,5,main]) started.
[        ] > Task :app:generateDebugAssets UP-TO-DATE
[        ] Skipping task ':app:generateDebugAssets' as it has no actions.
[        ] Resolve mutations for :camera_android:mergeDebugShaders (Thread[#655,Execution worker,5,main]) started.
[        ] :camera_android:mergeDebugShaders (Thread[#655,Execution worker,5,main]) started.
[        ] > Task :camera_android:mergeDebugShaders UP-TO-DATE
[        ] Caching disabled for task ':camera_android:mergeDebugShaders' because:
[        ]   Build cache is disabled
[        ]   Simple merging task
[        ] Skipping task ':camera_android:mergeDebugShaders' as it is up-to-date.
[        ] Resolve mutations for :camera_android:compileDebugShaders (Thread[#655,Execution worker,5,main]) started.
[        ] :camera_android:compileDebugShaders (Thread[#655,Execution worker,5,main]) started.
[        ] > Task :camera_android:compileDebugShaders NO-SOURCE
[        ] Skipping task ':camera_android:compileDebugShaders' as it has no source files and no previous output files.
[        ] Resolve mutations for :camera_android:generateDebugAssets (Thread[#655,Execution worker,5,main]) started.
[        ] :camera_android:generateDebugAssets (Thread[#655,Execution worker,5,main]) started.
[        ] > Task :camera_android:generateDebugAssets UP-TO-DATE
[        ] Skipping task ':camera_android:generateDebugAssets' as it has no actions.
[        ] Resolve mutations for :camera_android:mergeDebugAssets (Thread[#655,Execution worker,5,main]) started.
[        ] :camera_android:mergeDebugAssets (Thread[#655,Execution worker,5,main]) started.
[        ] > Task :camera_android:mergeDebugAssets UP-TO-DATE
[        ] Caching disabled for task ':camera_android:mergeDebugAssets' because:
[        ]   Build cache is disabled
[        ]   Simple merging task
[        ] Skipping task ':camera_android:mergeDebugAssets' as it is up-to-date.
[        ] work action resolve mergeDebugAssets (project :camera_android) (Thread[#655,Execution worker,5,main]) started.
[        ] Resolve mutations for :flutter_local_notifications:mergeDebugShaders (Thread[#655,Execution worker,5,main]) started.
[        ] :flutter_local_notifications:mergeDebugShaders (Thread[#655,Execution worker,5,main]) started.
[        ] > Task :flutter_local_notifications:mergeDebugShaders
[        ] Caching disabled for task ':flutter_local_notifications:mergeDebugShaders' because:
[        ]   Build cache is disabled
[        ]   Simple merging task
[        ] Task ':flutter_local_notifications:mergeDebugShaders' is not up-to-date because:
[        ]   No history is available.
[        ] The input changes require a full rebuild for incremental task ':flutter_local_notifications:mergeDebugShaders'.
[        ] Resolve mutations for :flutter_local_notifications:compileDebugShaders (Thread[#655,Execution worker,5,main]) started.
[        ] :flutter_local_notifications:compileDebugShaders (Thread[#655,Execution worker,5,main]) started.
[        ] > Task :flutter_local_notifications:compileDebugShaders NO-SOURCE
[        ] Skipping task ':flutter_local_notifications:compileDebugShaders' as it has no source files and no previous output files.
[        ] Resolve mutations for :flutter_local_notifications:generateDebugAssets (Thread[#655,Execution worker,5,main]) started.
[        ] :flutter_local_notifications:generateDebugAssets (Thread[#655,Execution worker,5,main]) started.
[        ] > Task :flutter_local_notifications:generateDebugAssets UP-TO-DATE
[        ] Skipping task ':flutter_local_notifications:generateDebugAssets' as it has no actions.
[        ] Resolve mutations for :flutter_local_notifications:mergeDebugAssets (Thread[#655,Execution worker,5,main]) started.
[        ] :flutter_local_notifications:mergeDebugAssets (Thread[#655,Execution worker,5,main]) started.
[        ] > Task :flutter_local_notifications:mergeDebugAssets
[        ] Caching disabled for task ':flutter_local_notifications:mergeDebugAssets' because:
[        ]   Build cache is disabled
[        ]   Simple merging task
[        ] Task ':flutter_local_notifications:mergeDebugAssets' is not up-to-date because:
[        ]   No history is available.
[        ] The input changes require a full rebuild for incremental task ':flutter_local_notifications:mergeDebugAssets'.
[        ] work action resolve mergeDebugAssets (project :flutter_local_notifications) (Thread[#655,Execution worker,5,main]) started.
[        ] Resolve mutations for :flutter_plugin_android_lifecycle:mergeDebugShaders (Thread[#655,Execution worker,5,main]) started.
[        ] :flutter_plugin_android_lifecycle:mergeDebugShaders (Thread[#655,Execution worker,5,main]) started.
[  +79 ms] > Task :flutter_plugin_android_lifecycle:mergeDebugShaders
[        ] Caching disabled for task ':flutter_plugin_android_lifecycle:mergeDebugShaders' because:
[        ]   Build cache is disabled
[        ]   Simple merging task
[        ] Task ':flutter_plugin_android_lifecycle:mergeDebugShaders' is not up-to-date because:
[        ]   No history is available.
[        ] The input changes require a full rebuild for incremental task ':flutter_plugin_android_lifecycle:mergeDebugShaders'.
[        ] Resolve mutations for :flutter_plugin_android_lifecycle:compileDebugShaders (Thread[#655,Execution worker,5,main]) started.
[        ] :flutter_plugin_android_lifecycle:compileDebugShaders (Thread[#655,Execution worker,5,main]) started.
[        ] > Task :flutter_plugin_android_lifecycle:compileDebugShaders NO-SOURCE
[        ] Skipping task ':flutter_plugin_android_lifecycle:compileDebugShaders' as it has no source files and no previous output files.
[        ] Resolve mutations for :flutter_plugin_android_lifecycle:generateDebugAssets (Thread[#655,Execution worker,5,main]) started.
[        ] :flutter_plugin_android_lifecycle:generateDebugAssets (Thread[#655,Execution worker,5,main]) started.
[        ] > Task :flutter_plugin_android_lifecycle:generateDebugAssets UP-TO-DATE
[        ] Skipping task ':flutter_plugin_android_lifecycle:generateDebugAssets' as it has no actions.
[        ] Resolve mutations for :flutter_plugin_android_lifecycle:mergeDebugAssets (Thread[#655,Execution worker,5,main]) started.
[        ] :flutter_plugin_android_lifecycle:mergeDebugAssets (Thread[#655,Execution worker,5,main]) started.
[        ] > Task :app:checkDebugAarMetadata FAILED
[        ] Caching disabled for task ':app:checkDebugAarMetadata' because:
[        ]   Build cache is disabled
[        ]   Caching has been disabled for the task
[        ] Task ':app:checkDebugAarMetadata' is not up-to-date because:
[        ]   Task has failed previously.
[        ] > Task :flutter_plugin_android_lifecycle:mergeDebugAssets
[        ] Caching disabled for task ':flutter_plugin_android_lifecycle:mergeDebugAssets' because:
[        ]   Build cache is disabled
[        ]   Simple merging task
[        ] Task ':flutter_plugin_android_lifecycle:mergeDebugAssets' is not up-to-date because:
[        ]   No history is available.
[        ] The input changes require a full rebuild for incremental task ':flutter_plugin_android_lifecycle:mergeDebugAssets'.
[        ] Build 08f85fb0-ffc4-4d38-a232-6bb5693684b1 is closed
[        ] [Incubating] Problems report is available at: file:///home/error51/projects/ai/agri_ai_uganda/build/reports/problems/problems-report.html
[   +3 ms] FAILURE: Build failed with an exception.
[   +5 ms] * What went wrong:
[        ] Execution failed for task ':app:checkDebugAarMetadata'.
[        ] > A failure occurred while executing com.android.build.gradle.internal.tasks.CheckAarMetadataWorkAction
[        ]    > An issue was found when checking AAR metadata:
[        ]        1.  Dependency ':flutter_local_notifications' requires core library desugaring to be enabled
[        ]            for :app.
[        ]            See https://developer.android.com/studio/write/java8-support.html for more
[        ]            details.
[        ] * Try:
[        ] > Run with --debug option to get more log output.
[        ] > Run with --scan to get full insights.
[        ] > Get more help at https://help.gradle.org.
[        ] * Exception is:
[        ] org.gradle.api.tasks.TaskExecutionException: Execution failed for task ':app:checkDebugAarMetadata'.
[        ] 	at org.gradle.api.internal.tasks.execution.ExecuteActionsTaskExecuter.lambda$executeIfValid$1(ExecuteActionsTaskExecuter.java:130)
[        ] 	at org.gradle.internal.Try$Failure.ifSuccessfulOrElse(Try.java:293)
[        ] 	at org.gradle.api.internal.tasks.execution.ExecuteActionsTaskExecuter.executeIfValid(ExecuteActionsTaskExecuter.java:128)
[        ] 	at org.gradle.api.internal.tasks.execution.ExecuteActionsTaskExecuter.execute(ExecuteActionsTaskExecuter.java:116)
[        ] 	at org.gradle.api.internal.tasks.execution.ProblemsTaskPathTrackingTaskExecuter.execute(ProblemsTaskPathTrackingTaskExecuter.java:41)
[        ] 	at org.gradle.api.internal.tasks.execution.FinalizePropertiesTaskExecuter.execute(FinalizePropertiesTaskExecuter.java:46)
[        ] 	at org.gradle.api.internal.tasks.execution.ResolveTaskExecutionModeExecuter.execute(ResolveTaskExecutionModeExecuter.java:51)
[        ] 	at org.gradle.api.internal.tasks.execution.SkipTaskWithNoActionsExecuter.execute(SkipTaskWithNoActionsExecuter.java:57)
[        ] 	at org.gradle.api.internal.tasks.execution.SkipOnlyIfTaskExecuter.execute(SkipOnlyIfTaskExecuter.java:74)
[        ] 	at org.gradle.api.internal.tasks.execution.CatchExceptionTaskExecuter.execute(CatchExceptionTaskExecuter.java:36)
[        ] 	at org.gradle.api.internal.tasks.execution.EventFiringTaskExecuter$1.executeTask(EventFiringTaskExecuter.java:77)
[        ] 	at org.gradle.api.internal.tasks.execution.EventFiringTaskExecuter$1.call(EventFiringTaskExecuter.java:55)
[        ] 	at org.gradle.api.internal.tasks.execution.EventFiringTaskExecuter$1.call(EventFiringTaskExecuter.java:52)
[        ] 	at org.gradle.internal.operations.DefaultBuildOperationRunner$CallableBuildOperationWorker.execute(DefaultBuildOperationRunner.java:210)
[        ] 	at org.gradle.internal.operations.DefaultBuildOperationRunner$CallableBuildOperationWorker.execute(DefaultBuildOperationRunner.java:205)
[        ] 	at org.gradle.internal.operations.DefaultBuildOperationRunner$2.execute(DefaultBuildOperationRunner.java:67)
[        ] 	at org.gradle.internal.operations.DefaultBuildOperationRunner$2.execute(DefaultBuildOperationRunner.java:60)
[        ] 	at org.gradle.internal.operations.DefaultBuildOperationRunner.execute(DefaultBuildOperationRunner.java:167)
[        ] 	at org.gradle.internal.operations.DefaultBuildOperationRunner.execute(DefaultBuildOperationRunner.java:60)
[        ] 	at org.gradle.internal.operations.DefaultBuildOperationRunner.call(DefaultBuildOperationRunner.java:54)
[        ] 	at org.gradle.api.internal.tasks.execution.EventFiringTaskExecuter.execute(EventFiringTaskExecuter.java:52)
[        ] 	at org.gradle.execution.plan.LocalTaskNodeExecutor.execute(LocalTaskNodeExecutor.java:42)
[        ] 	at org.gradle.execution.taskgraph.DefaultTaskExecutionGraph$InvokeNodeExecutorsAction.execute(DefaultTaskExecutionGraph.java:331)
[        ] 	at org.gradle.execution.taskgraph.DefaultTaskExecutionGraph$InvokeNodeExecutorsAction.execute(DefaultTaskExecutionGraph.java:318)
[        ] 	at org.gradle.execution.taskgraph.DefaultTaskExecutionGraph$BuildOperationAwareExecutionAction.lambda$execute$0(DefaultTaskExecutionGraph.java:314)
[        ] 	at org.gradle.internal.operations.CurrentBuildOperationRef.with(CurrentBuildOperationRef.java:85)
[        ] 	at org.gradle.execution.taskgraph.DefaultTaskExecutionGraph$BuildOperationAwareExecutionAction.execute(DefaultTaskExecutionGraph.java:314)
[        ] 	at org.gradle.execution.taskgraph.DefaultTaskExecutionGraph$BuildOperationAwareExecutionAction.execute(DefaultTaskExecutionGraph.java:303)
[        ] 	at org.gradle.execution.plan.DefaultPlanExecutor$ExecutorWorker.execute(DefaultPlanExecutor.java:459)
[        ] 	at org.gradle.execution.plan.DefaultPlanExecutor$ExecutorWorker.run(DefaultPlanExecutor.java:376)
[        ] 	at org.gradle.internal.concurrent.ExecutorPolicy$CatchAndRecordFailures.onExecute(ExecutorPolicy.java:64)
[        ] 	at org.gradle.internal.concurrent.AbstractManagedExecutor$1.run(AbstractManagedExecutor.java:48)
[        ] 	at java.base/java.util.concurrent.ThreadPoolExecutor.runWorker(Unknown Source)
[        ] 	at java.base/java.util.concurrent.ThreadPoolExecutor$Worker.run(Unknown Source)
[        ] 	at java.base/java.lang.Thread.run(Unknown Source)
[        ] Caused by: org.gradle.workers.internal.DefaultWorkerExecutor$WorkExecutionException: A failure occurred while executing com.android.build.gradle.internal.tasks.CheckAarMetadataWorkAction
[        ] 	at org.gradle.workers.internal.DefaultWorkerExecutor$WorkItemExecution.waitForCompletion(DefaultWorkerExecutor.java:287)
[        ] 	at org.gradle.internal.work.DefaultAsyncWorkTracker.lambda$waitForItemsAndGatherFailures$2(DefaultAsyncWorkTracker.java:130)
[        ] 	at org.gradle.internal.Factories$1.create(Factories.java:31)
[        ] 	at org.gradle.internal.work.DefaultWorkerLeaseService.withoutLocks(DefaultWorkerLeaseService.java:335)
[        ] 	at org.gradle.internal.work.DefaultWorkerLeaseService.withoutLocks(DefaultWorkerLeaseService.java:318)
[        ] 	at org.gradle.internal.work.DefaultWorkerLeaseService.withoutLock(DefaultWorkerLeaseService.java:323)
[        ] 	at org.gradle.internal.work.DefaultAsyncWorkTracker.waitForItemsAndGatherFailures(DefaultAsyncWorkTracker.java:126)
[        ] 	at org.gradle.internal.work.DefaultAsyncWorkTracker.waitForItemsAndGatherFailures(DefaultAsyncWorkTracker.java:92)
[        ] 	at org.gradle.internal.work.DefaultAsyncWorkTracker.waitForAll(DefaultAsyncWorkTracker.java:78)
[        ] 	at org.gradle.internal.work.DefaultAsyncWorkTracker.waitForCompletion(DefaultAsyncWorkTracker.java:66)
[        ] 	at org.gradle.api.internal.tasks.execution.TaskExecution$3.run(TaskExecution.java:252)
[        ] 	at org.gradle.internal.operations.DefaultBuildOperationRunner$1.execute(DefaultBuildOperationRunner.java:30)
[        ] 	at org.gradle.internal.operations.DefaultBuildOperationRunner$1.execute(DefaultBuildOperationRunner.java:27)
[        ] 	at org.gradle.internal.operations.DefaultBuildOperationRunner$2.execute(DefaultBuildOperationRunner.java:67)
[        ] 	at org.gradle.internal.operations.DefaultBuildOperationRunner$2.execute(DefaultBuildOperationRunner.java:60)
[        ] 	at org.gradle.internal.operations.DefaultBuildOperationRunner.execute(DefaultBuildOperationRunner.java:167)
[        ] 	at org.gradle.internal.operations.DefaultBuildOperationRunner.execute(DefaultBuildOperationRunner.java:60)
[        ] 	at org.gradle.internal.operations.DefaultBuildOperationRunner.run(DefaultBuildOperationRunner.java:48)
[        ] 	at org.gradle.api.internal.tasks.execution.TaskExecution.executeAction(TaskExecution.java:229)
[        ] 	at org.gradle.api.internal.tasks.execution.TaskExecution.executeActions(TaskExecution.java:212)
[        ] 	at org.gradle.api.internal.tasks.execution.TaskExecution.executeWithPreviousOutputFiles(TaskExecution.java:195)
[        ] 	at org.gradle.api.internal.tasks.execution.TaskExecution.execute(TaskExecution.java:162)
[        ] 	at org.gradle.internal.execution.steps.ExecuteStep.executeInternal(ExecuteStep.java:105)
[        ] 	at org.gradle.internal.execution.steps.ExecuteStep.access$000(ExecuteStep.java:44)
[        ] 	at org.gradle.internal.execution.steps.ExecuteStep$1.call(ExecuteStep.java:59)
[        ] 	at org.gradle.internal.execution.steps.ExecuteStep$1.call(ExecuteStep.java:56)
[        ] 	at org.gradle.internal.operations.DefaultBuildOperationRunner$CallableBuildOperationWorker.execute(DefaultBuildOperationRunner.java:210)
[        ] 	at org.gradle.internal.operations.DefaultBuildOperationRunner$CallableBuildOperationWorker.execute(DefaultBuildOperationRunner.java:205)
[        ] 	at org.gradle.internal.operations.DefaultBuildOperationRunner$2.execute(DefaultBuildOperationRunner.java:67)
[        ] 	at org.gradle.internal.operations.DefaultBuildOperationRunner$2.execute(DefaultBuildOperationRunner.java:60)
[        ] 	at org.gradle.internal.operations.DefaultBuildOperationRunner.execute(DefaultBuildOperationRunner.java:167)
[        ] 	at org.gradle.internal.operations.DefaultBuildOperationRunner.execute(DefaultBuildOperationRunner.java:60)
[        ] 	at org.gradle.internal.operations.DefaultBuildOperationRunner.call(DefaultBuildOperationRunner.java:54)
[        ] 	at org.gradle.internal.execution.steps.ExecuteStep.execute(ExecuteStep.java:56)
[        ] 	at org.gradle.internal.execution.steps.ExecuteStep.execute(ExecuteStep.java:44)
[        ] 	at org.gradle.internal.execution.steps.CancelExecutionStep.execute(CancelExecutionStep.java:42)
[        ] 	at org.gradle.internal.execution.steps.TimeoutStep.executeWithoutTimeout(TimeoutStep.java:75)
[        ] 	at org.gradle.internal.execution.steps.TimeoutStep.execute(TimeoutStep.java:55)
[        ] 	at org.gradle.internal.execution.steps.PreCreateOutputParentsStep.execute(PreCreateOutputParentsStep.java:50)
[        ] 	at org.gradle.internal.execution.steps.PreCreateOutputParentsStep.execute(PreCreateOutputParentsStep.java:28)
[        ] 	at org.gradle.internal.execution.steps.RemovePreviousOutputsStep.execute(RemovePreviousOutputsStep.java:67)
[        ] 	at org.gradle.internal.execution.steps.RemovePreviousOutputsStep.execute(RemovePreviousOutputsStep.java:37)
[        ] 	at org.gradle.internal.execution.steps.BroadcastChangingOutputsStep.execute(BroadcastChangingOutputsStep.java:61)
[        ] 	at org.gradle.internal.execution.steps.BroadcastChangingOutputsStep.execute(BroadcastChangingOutputsStep.java:26)
[        ] 	at org.gradle.internal.execution.steps.CaptureOutputsAfterExecutionStep.execute(CaptureOutputsAfterExecutionStep.java:69)
[        ] 	at org.gradle.internal.execution.steps.CaptureOutputsAfterExecutionStep.execute(CaptureOutputsAfterExecutionStep.java:46)
[        ] 	at org.gradle.internal.execution.steps.ResolveInputChangesStep.execute(ResolveInputChangesStep.java:40)
[        ] 	at org.gradle.internal.execution.steps.ResolveInputChangesStep.execute(ResolveInputChangesStep.java:29)
[        ] 	at org.gradle.internal.execution.steps.BuildCacheStep.executeWithoutCache(BuildCacheStep.java:189)
[        ] 	at org.gradle.internal.execution.steps.BuildCacheStep.lambda$execute$1(BuildCacheStep.java:75)
[        ] 	at org.gradle.internal.Either$Right.fold(Either.java:175)
[        ] 	at org.gradle.internal.execution.caching.CachingState.fold(CachingState.java:62)
[        ] 	at org.gradle.internal.execution.steps.BuildCacheStep.execute(BuildCacheStep.java:73)
[        ] 	at org.gradle.internal.execution.steps.BuildCacheStep.execute(BuildCacheStep.java:48)
[        ] 	at org.gradle.internal.execution.steps.StoreExecutionStateStep.execute(StoreExecutionStateStep.java:46)
[        ] 	at org.gradle.internal.execution.steps.StoreExecutionStateStep.execute(StoreExecutionStateStep.java:35)
[        ] 	at org.gradle.internal.execution.steps.SkipUpToDateStep.executeBecause(SkipUpToDateStep.java:75)
[        ] 	at org.gradle.internal.execution.steps.SkipUpToDateStep.lambda$execute$2(SkipUpToDateStep.java:53)
[        ] 	at java.base/java.util.Optional.orElseGet(Unknown Source)
[        ] 	at org.gradle.internal.execution.steps.SkipUpToDateStep.execute(SkipUpToDateStep.java:53)
[        ] 	at org.gradle.internal.execution.steps.SkipUpToDateStep.execute(SkipUpToDateStep.java:35)
[        ] 	at org.gradle.internal.execution.steps.legacy.MarkSnapshottingInputsFinishedStep.execute(MarkSnapshottingInputsFinishedStep.java:37)
[        ] 	at org.gradle.internal.execution.steps.legacy.MarkSnapshottingInputsFinishedStep.execute(MarkSnapshottingInputsFinishedStep.java:27)
[        ] 	at org.gradle.internal.execution.steps.ResolveIncrementalCachingStateStep.executeDelegate(ResolveIncrementalCachingStateStep.java:49)
[        ] 	at org.gradle.internal.execution.steps.ResolveIncrementalCachingStateStep.executeDelegate(ResolveIncrementalCachingStateStep.java:27)
[        ] 	at org.gradle.internal.execution.steps.AbstractResolveCachingStateStep.execute(AbstractResolveCachingStateStep.java:71)
[        ] 	at org.gradle.internal.execution.steps.AbstractResolveCachingStateStep.execute(AbstractResolveCachingStateStep.java:39)
[        ] 	at org.gradle.internal.execution.steps.ResolveChangesStep.execute(ResolveChangesStep.java:65)
[        ] 	at org.gradle.internal.execution.steps.ResolveChangesStep.execute(ResolveChangesStep.java:36)
[        ] 	at org.gradle.internal.execution.steps.ValidateStep.execute(ValidateStep.java:107)
[        ] 	at org.gradle.internal.execution.steps.ValidateStep.execute(ValidateStep.java:56)
[        ] 	at org.gradle.internal.execution.steps.AbstractCaptureStateBeforeExecutionStep.execute(AbstractCaptureStateBeforeExecutionStep.java:64)
[        ] 	at org.gradle.internal.execution.steps.AbstractCaptureStateBeforeExecutionStep.execute(AbstractCaptureStateBeforeExecutionStep.java:43)
[        ] 	at org.gradle.internal.execution.steps.AbstractSkipEmptyWorkStep.executeWithNonEmptySources(AbstractSkipEmptyWorkStep.java:125)
[        ] 	at org.gradle.internal.execution.steps.AbstractSkipEmptyWorkStep.execute(AbstractSkipEmptyWorkStep.java:56)
[        ] 	at org.gradle.internal.execution.steps.AbstractSkipEmptyWorkStep.execute(AbstractSkipEmptyWorkStep.java:36)
[        ] 	at org.gradle.internal.execution.steps.legacy.MarkSnapshottingInputsStartedStep.execute(MarkSnapshottingInputsStartedStep.java:38)
[        ] 	at org.gradle.internal.execution.steps.LoadPreviousExecutionStateStep.execute(LoadPreviousExecutionStateStep.java:36)
[        ] 	at org.gradle.internal.execution.steps.LoadPreviousExecutionStateStep.execute(LoadPreviousExecutionStateStep.java:23)
[        ] 	at org.gradle.internal.execution.steps.HandleStaleOutputsStep.execute(HandleStaleOutputsStep.java:75)
[        ] 	at org.gradle.internal.execution.steps.HandleStaleOutputsStep.execute(HandleStaleOutputsStep.java:41)
[        ] 	at org.gradle.internal.execution.steps.AssignMutableWorkspaceStep.lambda$execute$0(AssignMutableWorkspaceStep.java:35)
[        ] 	at org.gradle.api.internal.tasks.execution.TaskExecution$4.withWorkspace(TaskExecution.java:289)
[        ] 	at org.gradle.internal.execution.steps.AssignMutableWorkspaceStep.execute(AssignMutableWorkspaceStep.java:31)
[        ] 	at org.gradle.internal.execution.steps.AssignMutableWorkspaceStep.execute(AssignMutableWorkspaceStep.java:22)
[        ] 	at org.gradle.internal.execution.steps.ChoosePipelineStep.execute(ChoosePipelineStep.java:40)
[        ] 	at org.gradle.internal.execution.steps.ChoosePipelineStep.execute(ChoosePipelineStep.java:23)
[        ] 	at org.gradle.internal.execution.steps.ExecuteWorkBuildOperationFiringStep.lambda$execute$2(ExecuteWorkBuildOperationFiringStep.java:67)
[        ] 	at java.base/java.util.Optional.orElseGet(Unknown Source)
[        ] 	at org.gradle.internal.execution.steps.ExecuteWorkBuildOperationFiringStep.execute(ExecuteWorkBuildOperationFiringStep.java:67)
[        ] 	at org.gradle.internal.execution.steps.ExecuteWorkBuildOperationFiringStep.execute(ExecuteWorkBuildOperationFiringStep.java:39)
[        ] 	at org.gradle.internal.execution.steps.IdentityCacheStep.execute(IdentityCacheStep.java:46)
[        ] 	at org.gradle.internal.execution.steps.IdentityCacheStep.execute(IdentityCacheStep.java:34)
[        ] 	at org.gradle.internal.execution.steps.IdentifyStep.execute(IdentifyStep.java:48)
[        ] 	at org.gradle.internal.execution.steps.IdentifyStep.execute(IdentifyStep.java:35)
[        ] 	at org.gradle.internal.execution.impl.DefaultExecutionEngine$1.execute(DefaultExecutionEngine.java:64)
[        ] 	at org.gradle.api.internal.tasks.execution.ExecuteActionsTaskExecuter.executeIfValid(ExecuteActionsTaskExecuter.java:127)
[        ] 	at org.gradle.api.internal.tasks.execution.ExecuteActionsTaskExecuter.execute(ExecuteActionsTaskExecuter.java:116)
[        ] 	at org.gradle.api.internal.tasks.execution.ProblemsTaskPathTrackingTaskExecuter.execute(ProblemsTaskPathTrackingTaskExecuter.java:41)
[        ] 	at org.gradle.api.internal.tasks.execution.FinalizePropertiesTaskExecuter.execute(FinalizePropertiesTaskExecuter.java:46)
[        ] 	at org.gradle.api.internal.tasks.execution.ResolveTaskExecutionModeExecuter.execute(ResolveTaskExecutionModeExecuter.java:51)
[        ] 	at org.gradle.api.internal.tasks.execution.SkipTaskWithNoActionsExecuter.execute(SkipTaskWithNoActionsExecuter.java:57)
[        ] 	at org.gradle.api.internal.tasks.execution.SkipOnlyIfTaskExecuter.execute(SkipOnlyIfTaskExecuter.java:74)
[        ] 	at org.gradle.api.internal.tasks.execution.CatchExceptionTaskExecuter.execute(CatchExceptionTaskExecuter.java:36)
[        ] 	at org.gradle.api.internal.tasks.execution.EventFiringTaskExecuter$1.executeTask(EventFiringTaskExecuter.java:77)
[        ] 	at org.gradle.api.internal.tasks.execution.EventFiringTaskExecuter$1.call(EventFiringTaskExecuter.java:55)
[        ] 	at org.gradle.api.internal.tasks.execution.EventFiringTaskExecuter$1.call(EventFiringTaskExecuter.java:52)
[        ] 	at org.gradle.internal.operations.DefaultBuildOperationRunner$CallableBuildOperationWorker.execute(DefaultBuildOperationRunner.java:210)
[        ] 	at org.gradle.internal.operations.DefaultBuildOperationRunner$CallableBuildOperationWorker.execute(DefaultBuildOperationRunner.java:205)
[        ] 	at org.gradle.internal.operations.DefaultBuildOperationRunner$2.execute(DefaultBuildOperationRunner.java:67)
[        ] 	at org.gradle.internal.operations.DefaultBuildOperationRunner$2.execute(DefaultBuildOperationRunner.java:60)
[        ] 	at org.gradle.internal.operations.DefaultBuildOperationRunner.execute(DefaultBuildOperationRunner.java:167)
[        ] 	at org.gradle.internal.operations.DefaultBuildOperationRunner.execute(DefaultBuildOperationRunner.java:60)
[        ] 	at org.gradle.internal.operations.DefaultBuildOperationRunner.call(DefaultBuildOperationRunner.java:54)
[        ] 	at org.gradle.api.internal.tasks.execution.EventFiringTaskExecuter.execute(EventFiringTaskExecuter.java:52)
[        ] 	at org.gradle.execution.plan.LocalTaskNodeExecutor.execute(LocalTaskNodeExecutor.java:42)
[        ] 	at org.gradle.execution.taskgraph.DefaultTaskExecutionGraph$InvokeNodeExecutorsAction.execute(DefaultTaskExecutionGraph.java:331)
[        ] 	at org.gradle.execution.taskgraph.DefaultTaskExecutionGraph$InvokeNodeExecutorsAction.execute(DefaultTaskExecutionGraph.java:318)
[        ] 	at org.gradle.execution.taskgraph.DefaultTaskExecutionGraph$BuildOperationAwareExecutionAction.lambda$execute$0(DefaultTaskExecutionGraph.java:314)
[        ] 	at org.gradle.internal.operations.CurrentBuildOperationRef.with(CurrentBuildOperationRef.java:85)
[        ] 	at org.gradle.execution.taskgraph.DefaultTaskExecutionGraph$BuildOperationAwareExecutionAction.execute(DefaultTaskExecutionGraph.java:314)
[        ] 	at org.gradle.execution.taskgraph.DefaultTaskExecutionGraph$BuildOperationAwareExecutionAction.execute(DefaultTaskExecutionGraph.java:303)
[        ] 	at org.gradle.execution.plan.DefaultPlanExecutor$ExecutorWorker.execute(DefaultPlanExecutor.java:459)
[        ] 	at org.gradle.execution.plan.DefaultPlanExecutor$ExecutorWorker.run(DefaultPlanExecutor.java:376)
[        ] 	at org.gradle.internal.concurrent.ExecutorPolicy$CatchAndRecordFailures.onExecute(ExecutorPolicy.java:64)
[        ] 	at org.gradle.internal.concurrent.AbstractManagedExecutor$1.run(AbstractManagedExecutor.java:48)
[        ] 	at java.base/java.util.concurrent.ThreadPoolExecutor.runWorker(Unknown Source)
[        ] 	at java.base/java.util.concurrent.ThreadPoolExecutor$Worker.run(Unknown Source)
[        ] 	at java.base/java.lang.Thread.run(Unknown Source)
[        ] Caused by: java.lang.RuntimeException: An issue was found when checking AAR metadata:
[        ]   1.  Dependency ':flutter_local_notifications' requires core library desugaring to be enabled
[        ]       for :app.
[        ]       See https://developer.android.com/studio/write/java8-support.html for more
[        ]       details.
[        ] 	at com.android.build.gradle.internal.tasks.CheckAarMetadataWorkAction.execute(CheckAarMetadataTask.kt:288)
[        ] 	at org.gradle.workers.internal.DefaultWorkerServer.execute(DefaultWorkerServer.java:63)
[        ] 	at org.gradle.workers.internal.NoIsolationWorkerFactory$1$1.create(NoIsolationWorkerFactory.java:66)
[        ] 	at org.gradle.workers.internal.NoIsolationWorkerFactory$1$1.create(NoIsolationWorkerFactory.java:62)
[        ] 	at org.gradle.internal.classloader.ClassLoaderUtils.executeInClassloader(ClassLoaderUtils.java:100)
[        ] 	at org.gradle.workers.internal.NoIsolationWorkerFactory$1.lambda$execute$0(NoIsolationWorkerFactory.java:62)
[        ] 	at org.gradle.workers.internal.AbstractWorker$1.call(AbstractWorker.java:44)
[        ] 	at org.gradle.workers.internal.AbstractWorker$1.call(AbstractWorker.java:41)
[        ] 	at org.gradle.internal.operations.DefaultBuildOperationRunner$CallableBuildOperationWorker.execute(DefaultBuildOperationRunner.java:210)
[        ] 	at org.gradle.internal.operations.DefaultBuildOperationRunner$CallableBuildOperationWorker.execute(DefaultBuildOperationRunner.java:205)
[        ] 	at org.gradle.internal.operations.DefaultBuildOperationRunner$2.execute(DefaultBuildOperationRunner.java:67)
[        ] 	at org.gradle.internal.operations.DefaultBuildOperationRunner$2.execute(DefaultBuildOperationRunner.java:60)
[        ] 	at org.gradle.internal.operations.DefaultBuildOperationRunner.execute(DefaultBuildOperationRunner.java:167)
[        ] 	at org.gradle.internal.operations.DefaultBuildOperationRunner.execute(DefaultBuildOperationRunner.java:60)
[        ] 	at org.gradle.internal.operations.DefaultBuildOperationRunner.call(DefaultBuildOperationRunner.java:54)
[        ] 	at org.gradle.workers.internal.AbstractWorker.executeWrappedInBuildOperation(AbstractWorker.java:41)
[        ] 	at org.gradle.workers.internal.NoIsolationWorkerFactory$1.execute(NoIsolationWorkerFactory.java:59)
[        ] 	at org.gradle.workers.internal.DefaultWorkerExecutor.lambda$submitWork$0(DefaultWorkerExecutor.java:174)
[        ] 	at java.base/java.util.concurrent.FutureTask.run(Unknown Source)
[        ] 	at org.gradle.internal.work.DefaultConditionalExecutionQueue$ExecutionRunner.runExecution(DefaultConditionalExecutionQueue.java:194)
[        ] 	at org.gradle.internal.work.DefaultConditionalExecutionQueue$ExecutionRunner.access$700(DefaultConditionalExecutionQueue.java:127)
[        ] 	at org.gradle.internal.work.DefaultConditionalExecutionQueue$ExecutionRunner$1.run(DefaultConditionalExecutionQueue.java:169)
[        ] 	at org.gradle.internal.Factories$1.create(Factories.java:31)
[        ] 	at org.gradle.internal.work.DefaultWorkerLeaseService.withLocks(DefaultWorkerLeaseService.java:263)
[   +3 ms] 	at org.gradle.internal.work.DefaultWorkerLeaseService.runAsWorkerThread(DefaultWorkerLeaseService.java:127)
[        ] 	at org.gradle.internal.work.DefaultWorkerLeaseService.runAsWorkerThread(DefaultWorkerLeaseService.java:132)
[        ] 	at org.gradle.internal.work.DefaultConditionalExecutionQueue$ExecutionRunner.runBatch(DefaultConditionalExecutionQueue.java:164)
[        ] 	at org.gradle.internal.work.DefaultConditionalExecutionQueue$ExecutionRunner.run(DefaultConditionalExecutionQueue.java:133)
[        ] 	at java.base/java.util.concurrent.Executors$RunnableAdapter.call(Unknown Source)
[        ] 	at java.base/java.util.concurrent.FutureTask.run(Unknown Source)
[        ] 	... 5 more
[        ] BUILD FAILED in 25s
[   +1 ms] Deprecated Gradle features were used in this build, making it incompatible with Gradle 9.0.
[        ] You can use '--warning-mode all' to show the individual deprecation warnings and determine if they come from your own scripts or plugins.
[        ] For more on this, please refer to https://docs.gradle.org/8.14/userguide/command_line_interface.html#sec:command_line_warnings in the Gradle documentation.
[        ] 27 actionable tasks: 7 executed, 20 up-to-date
[ +198 ms] Running Gradle task 'assembleDebug'... (completed in 26.1s)
[ +200 ms] "flutter apk" took 31,198ms.
[ +309 ms] Gradle task assembleDebug failed with exit code 1
[   +2 ms] 
           #0      throwToolExit (package:flutter_tools/src/base/common.dart:34:3)
           #1      AndroidGradleBuilder.buildGradleApp (package:flutter_tools/src/android/gradle.dart:592:7)
           <asynchronous suspension>
           #2      AndroidGradleBuilder.buildApk (package:flutter_tools/src/android/gradle.dart:234:5)
           <asynchronous suspension>
           #3      BuildApkCommand.runCommand (package:flutter_tools/src/commands/build_apk.dart:131:5)
           <asynchronous suspension>
           #4      FlutterCommand.run.<anonymous closure> (package:flutter_tools/src/runner/flutter_command.dart:1559:27)
           <asynchronous suspension>
           #5      AppContext.run.<anonymous closure> (package:flutter_tools/src/base/context.dart:154:19)
           <asynchronous suspension>
           #6      CommandRunner.runCommand (package:args/command_runner.dart:212:13)
           <asynchronous suspension>
           #7      FlutterCommandRunner.runCommand.<anonymous closure> (package:flutter_tools/src/runner/flutter_command_runner.dart:487:9)
           <asynchronous suspension>
           #8      AppContext.run.<anonymous closure> (package:flutter_tools/src/base/context.dart:154:19)
           <asynchronous suspension>
           #9      FlutterCommandRunner.runCommand (package:flutter_tools/src/runner/flutter_command_runner.dart:422:5)
           <asynchronous suspension>
           #10     run.<anonymous closure>.<anonymous closure> (package:flutter_tools/runner.dart:104:11)
           <asynchronous suspension>
           #11     AppContext.run.<anonymous closure> (package:flutter_tools/src/base/context.dart:154:19)
           <asynchronous suspension>
           #12     main (package:flutter_tools/executable.dart:103:3)
           <asynchronous suspension>


[   +2 ms] Running 1 shutdown hook
[   +8 ms] Shutdown hooks complete
[ +270 ms] exiting with code 1
